.\Development\Underlight.bsc
C:\USERS\MICHAEL ACOBAS\DOWNLOADS\UNDERLIGHTVC6\UNDERLIGHT\DEVELOPMENT\BUILDVIEW.OBJ
C:\USERS\MICHAEL ACOBAS\DOWNLOADS\UNDERLIGHTVC6\UNDERLIGHT\DEVELOPMENT\BUILDVIEW.SBR
C:\USERS\MICHAEL ACOBAS\DOWNLOADS\UNDERLIGHTVC6\UNDERLIGHT\DEVELOPMENT\CACTOR.OBJ
C:\USERS\MICHAEL ACOBAS\DOWNLOADS\UNDERLIGHTVC6\UNDERLIGHT\DEVELOPMENT\CACTOR.SBR
C:\USERS\MICHAEL ACOBAS\DOWNLOADS\UNDERLIGHTVC6\UNDERLIGHT\DEVELOPMENT\CACTORLIST.OBJ
C:\USERS\MICHAEL ACOBAS\DOWNLOADS\UNDERLIGHTVC6\UNDERLIGHT\DEVELOPMENT\CACTORLIST.SBR
C:\USERS\MICHAEL ACOBAS\DOWNLOADS\UNDERLIGHTVC6\UNDERLIGHT\DEVELOPMENT\CAGENTBOX.OBJ
C:\USERS\MICHAEL ACOBAS\DOWNLOADS\UNDERLIGHTVC6\UNDERLIGHT\DEVELOPMENT\CAGENTBOX.SBR
C:\USERS\MICHAEL ACOBAS\DOWNLOADS\UNDERLIGHTVC6\UNDERLIGHT\DEVELOPMENT\CAGENTSERVER.OBJ
C:\USERS\MICHAEL ACOBAS\DOWNLOADS\UNDERLIGHTVC6\UNDERLIGHT\DEVELOPMENT\CAGENTSERVER.SBR
C:\USERS\MICHAEL ACOBAS\DOWNLOADS\UNDERLIGHTVC6\UNDERLIGHT\DEVELOPMENT\CAI.OBJ
C:\USERS\MICHAEL ACOBAS\DOWNLOADS\UNDERLIGHTVC6\UNDERLIGHT\DEVELOPMENT\CAI.SBR
C:\USERS\MICHAEL ACOBAS\DOWNLOADS\UNDERLIGHTVC6\UNDERLIGHT\DEVELOPMENT\CARTS.OBJ
C:\USERS\MICHAEL ACOBAS\DOWNLOADS\UNDERLIGHTVC6\UNDERLIGHT\DEVELOPMENT\CARTS.SBR
C:\USERS\MICHAEL ACOBAS\DOWNLOADS\UNDERLIGHTVC6\UNDERLIGHT\DEVELOPMENT\CBANNER.OBJ
C:\USERS\MICHAEL ACOBAS\DOWNLOADS\UNDERLIGHTVC6\UNDERLIGHT\DEVELOPMENT\CBANNER.SBR
C:\USERS\MICHAEL ACOBAS\DOWNLOADS\UNDERLIGHTVC6\UNDERLIGHT\DEVELOPMENT\CBOX.OBJ
C:\USERS\MICHAEL ACOBAS\DOWNLOADS\UNDERLIGHTVC6\UNDERLIGHT\DEVELOPMENT\CBOX.SBR
C:\USERS\MICHAEL ACOBAS\DOWNLOADS\UNDERLIGHTVC6\UNDERLIGHT\DEVELOPMENT\CCHAT.OBJ
C:\USERS\MICHAEL ACOBAS\DOWNLOADS\UNDERLIGHTVC6\UNDERLIGHT\DEVELOPMENT\CCHAT.SBR
C:\USERS\MICHAEL ACOBAS\DOWNLOADS\UNDERLIGHTVC6\UNDERLIGHT\DEVELOPMENT\CCONTROLPANEL.OBJ
C:\USERS\MICHAEL ACOBAS\DOWNLOADS\UNDERLIGHTVC6\UNDERLIGHT\DEVELOPMENT\CCONTROLPANEL.SBR
C:\USERS\MICHAEL ACOBAS\DOWNLOADS\UNDERLIGHTVC6\UNDERLIGHT\DEVELOPMENT\CDDRAW.OBJ
C:\USERS\MICHAEL ACOBAS\DOWNLOADS\UNDERLIGHTVC6\UNDERLIGHT\DEVELOPMENT\CDDRAW.SBR
C:\USERS\MICHAEL ACOBAS\DOWNLOADS\UNDERLIGHTVC6\UNDERLIGHT\DEVELOPMENT\CDETAILGOAL.OBJ
C:\USERS\MICHAEL ACOBAS\DOWNLOADS\UNDERLIGHTVC6\UNDERLIGHT\DEVELOPMENT\CDETAILGOAL.SBR
C:\USERS\MICHAEL ACOBAS\DOWNLOADS\UNDERLIGHTVC6\UNDERLIGHT\DEVELOPMENT\CDETAILQUEST.OBJ
C:\USERS\MICHAEL ACOBAS\DOWNLOADS\UNDERLIGHTVC6\UNDERLIGHT\DEVELOPMENT\CDETAILQUEST.SBR
C:\USERS\MICHAEL ACOBAS\DOWNLOADS\UNDERLIGHTVC6\UNDERLIGHT\DEVELOPMENT\CDSOUND.OBJ
C:\USERS\MICHAEL ACOBAS\DOWNLOADS\UNDERLIGHTVC6\UNDERLIGHT\DEVELOPMENT\CDSOUND.SBR
C:\USERS\MICHAEL ACOBAS\DOWNLOADS\UNDERLIGHTVC6\UNDERLIGHT\DEVELOPMENT\CEFFECTS.OBJ
C:\USERS\MICHAEL ACOBAS\DOWNLOADS\UNDERLIGHTVC6\UNDERLIGHT\DEVELOPMENT\CEFFECTS.SBR
C:\USERS\MICHAEL ACOBAS\DOWNLOADS\UNDERLIGHTVC6\UNDERLIGHT\DEVELOPMENT\CGAMESERVER.OBJ
C:\USERS\MICHAEL ACOBAS\DOWNLOADS\UNDERLIGHTVC6\UNDERLIGHT\DEVELOPMENT\CGAMESERVER.SBR
C:\USERS\MICHAEL ACOBAS\DOWNLOADS\UNDERLIGHTVC6\UNDERLIGHT\DEVELOPMENT\CGIF.OBJ
C:\USERS\MICHAEL ACOBAS\DOWNLOADS\UNDERLIGHTVC6\UNDERLIGHT\DEVELOPMENT\CGIF.SBR
C:\USERS\MICHAEL ACOBAS\DOWNLOADS\UNDERLIGHTVC6\UNDERLIGHT\DEVELOPMENT\CGOALBOOK.OBJ
C:\USERS\MICHAEL ACOBAS\DOWNLOADS\UNDERLIGHTVC6\UNDERLIGHT\DEVELOPMENT\CGOALBOOK.SBR
C:\USERS\MICHAEL ACOBAS\DOWNLOADS\UNDERLIGHTVC6\UNDERLIGHT\DEVELOPMENT\CGOALPOSTING.OBJ
C:\USERS\MICHAEL ACOBAS\DOWNLOADS\UNDERLIGHTVC6\UNDERLIGHT\DEVELOPMENT\CGOALPOSTING.SBR
C:\USERS\MICHAEL ACOBAS\DOWNLOADS\UNDERLIGHTVC6\UNDERLIGHT\DEVELOPMENT\CGOALQUESTPROCS.OBJ
C:\USERS\MICHAEL ACOBAS\DOWNLOADS\UNDERLIGHTVC6\UNDERLIGHT\DEVELOPMENT\CGOALQUESTPROCS.SBR
C:\USERS\MICHAEL ACOBAS\DOWNLOADS\UNDERLIGHTVC6\UNDERLIGHT\DEVELOPMENT\CITEM.OBJ
C:\USERS\MICHAEL ACOBAS\DOWNLOADS\UNDERLIGHTVC6\UNDERLIGHT\DEVELOPMENT\CITEM.SBR
C:\USERS\MICHAEL ACOBAS\DOWNLOADS\UNDERLIGHTVC6\UNDERLIGHT\DEVELOPMENT\CKEYMAP.OBJ
C:\USERS\MICHAEL ACOBAS\DOWNLOADS\UNDERLIGHTVC6\UNDERLIGHT\DEVELOPMENT\CKEYMAP.SBR
C:\Users\Michael Acobas\Downloads\UnderlightVC6\Underlight\Development\cl.command.1.tlog
C:\Users\Michael Acobas\Downloads\UnderlightVC6\Underlight\Development\CL.read.1.tlog
C:\Users\Michael Acobas\Downloads\UnderlightVC6\Underlight\Development\CL.write.1.tlog
C:\USERS\MICHAEL ACOBAS\DOWNLOADS\UNDERLIGHTVC6\UNDERLIGHT\DEVELOPMENT\CLEVEL.OBJ
C:\USERS\MICHAEL ACOBAS\DOWNLOADS\UNDERLIGHTVC6\UNDERLIGHT\DEVELOPMENT\CLEVEL.SBR
C:\USERS\MICHAEL ACOBAS\DOWNLOADS\UNDERLIGHTVC6\UNDERLIGHT\DEVELOPMENT\CLIST.OBJ
C:\USERS\MICHAEL ACOBAS\DOWNLOADS\UNDERLIGHTVC6\UNDERLIGHT\DEVELOPMENT\CLIST.SBR
C:\USERS\MICHAEL ACOBAS\DOWNLOADS\UNDERLIGHTVC6\UNDERLIGHT\DEVELOPMENT\CMISSILE.OBJ
C:\USERS\MICHAEL ACOBAS\DOWNLOADS\UNDERLIGHTVC6\UNDERLIGHT\DEVELOPMENT\CMISSILE.SBR
C:\USERS\MICHAEL ACOBAS\DOWNLOADS\UNDERLIGHTVC6\UNDERLIGHT\DEVELOPMENT\CNAMETAG.OBJ
C:\USERS\MICHAEL ACOBAS\DOWNLOADS\UNDERLIGHTVC6\UNDERLIGHT\DEVELOPMENT\CNAMETAG.SBR
C:\USERS\MICHAEL ACOBAS\DOWNLOADS\UNDERLIGHTVC6\UNDERLIGHT\DEVELOPMENT\CNEIGHBOR.OBJ
C:\USERS\MICHAEL ACOBAS\DOWNLOADS\UNDERLIGHTVC6\UNDERLIGHT\DEVELOPMENT\CNEIGHBOR.SBR
C:\USERS\MICHAEL ACOBAS\DOWNLOADS\UNDERLIGHTVC6\UNDERLIGHT\DEVELOPMENT\CORNAMENT.OBJ
C:\USERS\MICHAEL ACOBAS\DOWNLOADS\UNDERLIGHTVC6\UNDERLIGHT\DEVELOPMENT\CORNAMENT.SBR
C:\USERS\MICHAEL ACOBAS\DOWNLOADS\UNDERLIGHTVC6\UNDERLIGHT\DEVELOPMENT\COUTPUT.OBJ
C:\USERS\MICHAEL ACOBAS\DOWNLOADS\UNDERLIGHTVC6\UNDERLIGHT\DEVELOPMENT\COUTPUT.SBR
C:\USERS\MICHAEL ACOBAS\DOWNLOADS\UNDERLIGHTVC6\UNDERLIGHT\DEVELOPMENT\CPALETTES.OBJ
C:\USERS\MICHAEL ACOBAS\DOWNLOADS\UNDERLIGHTVC6\UNDERLIGHT\DEVELOPMENT\CPALETTES.SBR
C:\USERS\MICHAEL ACOBAS\DOWNLOADS\UNDERLIGHTVC6\UNDERLIGHT\DEVELOPMENT\CPARTY.OBJ
C:\USERS\MICHAEL ACOBAS\DOWNLOADS\UNDERLIGHTVC6\UNDERLIGHT\DEVELOPMENT\CPARTY.SBR
C:\USERS\MICHAEL ACOBAS\DOWNLOADS\UNDERLIGHTVC6\UNDERLIGHT\DEVELOPMENT\CPLAYER.OBJ
C:\USERS\MICHAEL ACOBAS\DOWNLOADS\UNDERLIGHTVC6\UNDERLIGHT\DEVELOPMENT\CPLAYER.SBR
C:\USERS\MICHAEL ACOBAS\DOWNLOADS\UNDERLIGHTVC6\UNDERLIGHT\DEVELOPMENT\CPOSTGOAL.OBJ
C:\USERS\MICHAEL ACOBAS\DOWNLOADS\UNDERLIGHTVC6\UNDERLIGHT\DEVELOPMENT\CPOSTGOAL.SBR
C:\USERS\MICHAEL ACOBAS\DOWNLOADS\UNDERLIGHTVC6\UNDERLIGHT\DEVELOPMENT\CPOSTQUEST.OBJ
C:\USERS\MICHAEL ACOBAS\DOWNLOADS\UNDERLIGHTVC6\UNDERLIGHT\DEVELOPMENT\CPOSTQUEST.SBR
C:\USERS\MICHAEL ACOBAS\DOWNLOADS\UNDERLIGHTVC6\UNDERLIGHT\DEVELOPMENT\CQUESTBUILDER.OBJ
C:\USERS\MICHAEL ACOBAS\DOWNLOADS\UNDERLIGHTVC6\UNDERLIGHT\DEVELOPMENT\CQUESTBUILDER.SBR
C:\USERS\MICHAEL ACOBAS\DOWNLOADS\UNDERLIGHTVC6\UNDERLIGHT\DEVELOPMENT\CREADGOAL.OBJ
C:\USERS\MICHAEL ACOBAS\DOWNLOADS\UNDERLIGHTVC6\UNDERLIGHT\DEVELOPMENT\CREADGOAL.SBR
C:\USERS\MICHAEL ACOBAS\DOWNLOADS\UNDERLIGHTVC6\UNDERLIGHT\DEVELOPMENT\CREADQUEST.OBJ
C:\USERS\MICHAEL ACOBAS\DOWNLOADS\UNDERLIGHTVC6\UNDERLIGHT\DEVELOPMENT\CREADQUEST.SBR
C:\USERS\MICHAEL ACOBAS\DOWNLOADS\UNDERLIGHTVC6\UNDERLIGHT\DEVELOPMENT\CREADREPORT.OBJ
C:\USERS\MICHAEL ACOBAS\DOWNLOADS\UNDERLIGHTVC6\UNDERLIGHT\DEVELOPMENT\CREADREPORT.SBR
C:\USERS\MICHAEL ACOBAS\DOWNLOADS\UNDERLIGHTVC6\UNDERLIGHT\DEVELOPMENT\CREATEFRAME.OBJ
C:\USERS\MICHAEL ACOBAS\DOWNLOADS\UNDERLIGHTVC6\UNDERLIGHT\DEVELOPMENT\CREATEFRAME.SBR
C:\USERS\MICHAEL ACOBAS\DOWNLOADS\UNDERLIGHTVC6\UNDERLIGHT\DEVELOPMENT\CREPORTGOAL.OBJ
C:\USERS\MICHAEL ACOBAS\DOWNLOADS\UNDERLIGHTVC6\UNDERLIGHT\DEVELOPMENT\CREPORTGOAL.SBR
C:\USERS\MICHAEL ACOBAS\DOWNLOADS\UNDERLIGHTVC6\UNDERLIGHT\DEVELOPMENT\CREVIEWGOALS.OBJ
C:\USERS\MICHAEL ACOBAS\DOWNLOADS\UNDERLIGHTVC6\UNDERLIGHT\DEVELOPMENT\CREVIEWGOALS.SBR
C:\USERS\MICHAEL ACOBAS\DOWNLOADS\UNDERLIGHTVC6\UNDERLIGHT\DEVELOPMENT\CSENDING.OBJ
C:\USERS\MICHAEL ACOBAS\DOWNLOADS\UNDERLIGHTVC6\UNDERLIGHT\DEVELOPMENT\CSENDING.SBR
C:\USERS\MICHAEL ACOBAS\DOWNLOADS\UNDERLIGHTVC6\UNDERLIGHT\DEVELOPMENT\DEBUG.OBJ
C:\USERS\MICHAEL ACOBAS\DOWNLOADS\UNDERLIGHTVC6\UNDERLIGHT\DEVELOPMENT\DEBUG.SBR
C:\USERS\MICHAEL ACOBAS\DOWNLOADS\UNDERLIGHTVC6\UNDERLIGHT\DEVELOPMENT\DIALOGS.OBJ
C:\USERS\MICHAEL ACOBAS\DOWNLOADS\UNDERLIGHTVC6\UNDERLIGHT\DEVELOPMENT\DIALOGS.SBR
C:\USERS\MICHAEL ACOBAS\DOWNLOADS\UNDERLIGHTVC6\UNDERLIGHT\DEVELOPMENT\INTERFACE.OBJ
C:\USERS\MICHAEL ACOBAS\DOWNLOADS\UNDERLIGHTVC6\UNDERLIGHT\DEVELOPMENT\INTERFACE.SBR
C:\USERS\MICHAEL ACOBAS\DOWNLOADS\UNDERLIGHTVC6\UNDERLIGHT\DEVELOPMENT\KEYBOARD.OBJ
C:\USERS\MICHAEL ACOBAS\DOWNLOADS\UNDERLIGHTVC6\UNDERLIGHT\DEVELOPMENT\KEYBOARD.SBR
C:\USERS\MICHAEL ACOBAS\DOWNLOADS\UNDERLIGHTVC6\UNDERLIGHT\DEVELOPMENT\LANGUAGEFILTER.OBJ
C:\USERS\MICHAEL ACOBAS\DOWNLOADS\UNDERLIGHTVC6\UNDERLIGHT\DEVELOPMENT\LANGUAGEFILTER.SBR
C:\USERS\MICHAEL ACOBAS\DOWNLOADS\UNDERLIGHTVC6\UNDERLIGHT\DEVELOPMENT\LEVELROOMNAMES.OBJ
C:\USERS\MICHAEL ACOBAS\DOWNLOADS\UNDERLIGHTVC6\UNDERLIGHT\DEVELOPMENT\LEVELROOMNAMES.SBR
C:\Users\Michael Acobas\Downloads\UnderlightVC6\Underlight\Development\link.command.1.tlog
C:\Users\Michael Acobas\Downloads\UnderlightVC6\Underlight\Development\link.read.1.tlog
C:\USERS\MICHAEL ACOBAS\DOWNLOADS\UNDERLIGHTVC6\UNDERLIGHT\DEVELOPMENT\LOGINOPTIONS.OBJ
C:\USERS\MICHAEL ACOBAS\DOWNLOADS\UNDERLIGHTVC6\UNDERLIGHT\DEVELOPMENT\LOGINOPTIONS.SBR
C:\USERS\MICHAEL ACOBAS\DOWNLOADS\UNDERLIGHTVC6\UNDERLIGHT\DEVELOPMENT\MAIN.OBJ
C:\USERS\MICHAEL ACOBAS\DOWNLOADS\UNDERLIGHTVC6\UNDERLIGHT\DEVELOPMENT\MAIN.SBR
C:\USERS\MICHAEL ACOBAS\DOWNLOADS\UNDERLIGHTVC6\UNDERLIGHT\DEVELOPMENT\MOUSE.OBJ
C:\USERS\MICHAEL ACOBAS\DOWNLOADS\UNDERLIGHTVC6\UNDERLIGHT\DEVELOPMENT\MOUSE.SBR
C:\USERS\MICHAEL ACOBAS\DOWNLOADS\UNDERLIGHTVC6\UNDERLIGHT\DEVELOPMENT\MOVE.OBJ
C:\USERS\MICHAEL ACOBAS\DOWNLOADS\UNDERLIGHTVC6\UNDERLIGHT\DEVELOPMENT\MOVE.SBR
C:\USERS\MICHAEL ACOBAS\DOWNLOADS\UNDERLIGHTVC6\UNDERLIGHT\DEVELOPMENT\OPTIONS.OBJ
C:\USERS\MICHAEL ACOBAS\DOWNLOADS\UNDERLIGHTVC6\UNDERLIGHT\DEVELOPMENT\OPTIONS.SBR
C:\Users\Michael Acobas\Downloads\UnderlightVC6\Underlight\Development\rc.command.1.tlog
C:\Users\Michael Acobas\Downloads\UnderlightVC6\Underlight\Development\rc.read.1.tlog
C:\Users\Michael Acobas\Downloads\UnderlightVC6\Underlight\Development\rc.write.1.tlog
C:\USERS\MICHAEL ACOBAS\DOWNLOADS\UNDERLIGHTVC6\UNDERLIGHT\DEVELOPMENT\REALM.OBJ
C:\USERS\MICHAEL ACOBAS\DOWNLOADS\UNDERLIGHTVC6\UNDERLIGHT\DEVELOPMENT\REALM.SBR
C:\USERS\MICHAEL ACOBAS\DOWNLOADS\UNDERLIGHTVC6\UNDERLIGHT\DEVELOPMENT\RENDERACTOR.OBJ
C:\USERS\MICHAEL ACOBAS\DOWNLOADS\UNDERLIGHTVC6\UNDERLIGHT\DEVELOPMENT\RENDERACTOR.SBR
C:\USERS\MICHAEL ACOBAS\DOWNLOADS\UNDERLIGHTVC6\UNDERLIGHT\DEVELOPMENT\RENDERVIEW.OBJ
C:\USERS\MICHAEL ACOBAS\DOWNLOADS\UNDERLIGHTVC6\UNDERLIGHT\DEVELOPMENT\RENDERVIEW.SBR
C:\USERS\MICHAEL ACOBAS\DOWNLOADS\UNDERLIGHTVC6\UNDERLIGHT\DEVELOPMENT\RLE.OBJ
C:\USERS\MICHAEL ACOBAS\DOWNLOADS\UNDERLIGHTVC6\UNDERLIGHT\DEVELOPMENT\RLE.SBR
C:\USERS\MICHAEL ACOBAS\DOWNLOADS\UNDERLIGHTVC6\UNDERLIGHT\DEVELOPMENT\SECURE.OBJ
C:\USERS\MICHAEL ACOBAS\DOWNLOADS\UNDERLIGHTVC6\UNDERLIGHT\DEVELOPMENT\SECURE.SBR
C:\Users\Michael Acobas\Downloads\UnderlightVC6\Underlight\Development\Underlight.bsc
C:\Users\Michael Acobas\Downloads\UnderlightVC6\Underlight\Development\Underlight.exe.embed.manifest
C:\USERS\MICHAEL ACOBAS\DOWNLOADS\UNDERLIGHTVC6\UNDERLIGHT\DEVELOPMENT\UNDERLIGHT.EXE.EMBED.MANIFEST.RES
C:\USERS\MICHAEL ACOBAS\DOWNLOADS\UNDERLIGHTVC6\UNDERLIGHT\DEVELOPMENT\UNDERLIGHT.RES
C:\Users\Michael Acobas\Downloads\UnderlightVC6\Underlight\Development\Underlight.write.1.tlog
C:\Users\Michael Acobas\Downloads\UnderlightVC6\Underlight\Development\Underlight_manifest.rc
C:\USERS\MICHAEL ACOBAS\DOWNLOADS\UNDERLIGHTVC6\UNDERLIGHT\DEVELOPMENT\UTILS.OBJ
C:\USERS\MICHAEL ACOBAS\DOWNLOADS\UNDERLIGHTVC6\UNDERLIGHT\DEVELOPMENT\UTILS.SBR
C:\USERS\MICHAEL ACOBAS\DOWNLOADS\UNDERLIGHTVC6\UNDERLIGHT\DEVELOPMENT\VC100.PDB
