Build started 6/20/2014 10:06:14 PM.
     1>Project "C:\Lyra\Projects\Underlight\Underlight.vcxproj" on node 2 (ClCompile target(s)).
     1>ClCompile:
         c:\Program Files (x86)\Microsoft Visual Studio 10.0\VC\bin\CL.exe /c /I..\OggVorbis\include /I..\MessageMaker /I..\AgentMessages /I..\AgentSvr /I..\Underlight /I..\DXSDK\SDK\inc /I..\RWSDK\inc /Zi /nologo /W3 /WX- /O1 /Ob1 /Oy- /D UL_DEBUG /D GAMEMASTER_FULL /D GAMEMASTER /D UL_DEV /D GAME_LYR /D WIN32 /D _WINDOWS /D USE_INLINE /D ENGLISH /D _VC80_UPGRADE=0x0600 /D _CRT_SECURE_NO_WARNINGS /GF /Gm- /EHsc /MTd /GS /Gy /fp:precise /Zc:wchar_t /Zc:forScope /Fo".\Development/" /Fd".\Development/vc100.pdb" /FR".\Development/" /Gr /TP /analyze- /errorReport:prompt Interface.cpp
         Interface.cpp
     1>Interface.cpp(1078): error C2065: 'hWnd' : undeclared identifier
     1>Interface.cpp(1083): error C2065: 'hWnd' : undeclared identifier
     1>Interface.cpp(1083): error C4430: missing type specifier - int assumed. Note: C++ does not support default-int
     1>Interface.cpp(1083): error C2365: 'GetClientRect' : redefinition; previous definition was 'function'
                 C:\Program Files (x86)\Microsoft SDKs\Windows\v7.0A\include\winuser.h(7368) : see declaration of 'GetClientRect'
     1>Interface.cpp(1083): error C2078: too many initializers
     1>Interface.cpp(1083): error C2440: 'initializing' : cannot convert from 'RECT *' to 'int'
                 There is no context in which this conversion is possible
     1>Interface.cpp(1084): error C4430: missing type specifier - int assumed. Note: C++ does not support default-int
     1>Interface.cpp(1084): error C2365: 'Draw3DRect' : redefinition; previous definition was 'function'
     1>Interface.cpp(1084): error C2078: too many initializers
     1>Interface.cpp(1085): error C4430: missing type specifier - int assumed. Note: C++ does not support default-int
     1>Interface.cpp(1085): error C2365: 'DeflateRect' : redefinition; previous definition was 'function'
                 c:\lyra\projects\underlight\Interface.h(59) : see declaration of 'DeflateRect'
     1>Interface.cpp(1085): error C2078: too many initializers
     1>Interface.cpp(1089): error C4430: missing type specifier - int assumed. Note: C++ does not support default-int
     1>Interface.cpp(1089): error C2371: 'rcTab' : redefinition; different basic types
                 Interface.cpp(1079) : see declaration of 'rcTab'
     1>Interface.cpp(1089): error C2440: 'initializing' : cannot convert from 'RECT' to 'int'
                 No user-defined-conversion operator available that can perform this conversion, or the operator cannot be called
     1>Interface.cpp(1090): error C2143: syntax error : missing ';' before '.'
     1>Interface.cpp(1090): error C4430: missing type specifier - int assumed. Note: C++ does not support default-int
     1>Interface.cpp(1090): error C2371: 'rcTab' : redefinition; different basic types
                 Interface.cpp(1079) : see declaration of 'rcTab'
     1>Interface.cpp(1091): error C2100: illegal indirection
     1>Interface.cpp(1093): error C2065: 'hWnd' : undeclared identifier
     1>Interface.cpp(1095): error C2059: syntax error : 'if'
     1>Interface.cpp(1096): error C2143: syntax error : missing ';' before '{'
     1>Interface.cpp(1096): error C2447: '{' : missing function header (old-style formal list?)
     1>Interface.cpp(1109): error C2059: syntax error : 'else'
     1>Interface.cpp(1110): error C2143: syntax error : missing ';' before '{'
     1>Interface.cpp(1110): error C2447: '{' : missing function header (old-style formal list?)
     1>Interface.cpp(1122): error C4430: missing type specifier - int assumed. Note: C++ does not support default-int
     1>Interface.cpp(1122): error C2371: 'rcTab' : redefinition; different basic types
                 Interface.cpp(1079) : see declaration of 'rcTab'
     1>Interface.cpp(1122): error C2440: 'initializing' : cannot convert from 'RECT' to 'int'
                 No user-defined-conversion operator available that can perform this conversion, or the operator cannot be called
     1>Interface.cpp(1135): error C4430: missing type specifier - int assumed. Note: C++ does not support default-int
     1>Interface.cpp(1135): error C2365: 'MoveToEx' : redefinition; previous definition was 'function'
                 C:\Program Files (x86)\Microsoft SDKs\Windows\v7.0A\include\wingdi.h(4520) : see declaration of 'MoveToEx'
     1>Interface.cpp(1135): error C2078: too many initializers
     1>Interface.cpp(1136): error C4430: missing type specifier - int assumed. Note: C++ does not support default-int
     1>Interface.cpp(1136): error C2365: 'LineTo' : redefinition; previous definition was 'function'
                 C:\Program Files (x86)\Microsoft SDKs\Windows\v7.0A\include\wingdi.h(3972) : see declaration of 'LineTo'
     1>Interface.cpp(1136): error C2078: too many initializers
     1>Interface.cpp(1138): error C4430: missing type specifier - int assumed. Note: C++ does not support default-int
     1>Interface.cpp(1138): error C2365: 'SelectObject' : redefinition; previous definition was 'function'
                 C:\Program Files (x86)\Microsoft SDKs\Windows\v7.0A\include\wingdi.h(4013) : see declaration of 'SelectObject'
     1>Interface.cpp(1138): error C2078: too many initializers
     1>Interface.cpp(1138): error C2440: 'initializing' : cannot convert from 'HPEN' to 'int'
                 There is no context in which this conversion is possible
     1>Interface.cpp(1139): error C4430: missing type specifier - int assumed. Note: C++ does not support default-int
     1>Interface.cpp(1139): error C2365: 'LineTo' : redefinition; previous definition was 'function'
                 C:\Program Files (x86)\Microsoft SDKs\Windows\v7.0A\include\wingdi.h(3972) : see declaration of 'LineTo'
     1>Interface.cpp(1139): error C2078: too many initializers
     1>Interface.cpp(1140): error C4430: missing type specifier - int assumed. Note: C++ does not support default-int
     1>Interface.cpp(1140): error C2365: 'LineTo' : redefinition; previous definition was 'function'
                 C:\Program Files (x86)\Microsoft SDKs\Windows\v7.0A\include\wingdi.h(3972) : see declaration of 'LineTo'
     1>Interface.cpp(1140): error C2078: too many initializers
     1>Interface.cpp(1142): error C4430: missing type specifier - int assumed. Note: C++ does not support default-int
     1>Interface.cpp(1142): error C2365: 'SelectObject' : redefinition; previous definition was 'function'
                 C:\Program Files (x86)\Microsoft SDKs\Windows\v7.0A\include\wingdi.h(4013) : see declaration of 'SelectObject'
     1>Interface.cpp(1142): error C2078: too many initializers
     1>Interface.cpp(1142): error C2440: 'initializing' : cannot convert from 'HPEN' to 'int'
                 There is no context in which this conversion is possible
     1>Interface.cpp(1146): error C2143: syntax error : missing ';' before '.'
     1>Interface.cpp(1146): error C4430: missing type specifier - int assumed. Note: C++ does not support default-int
     1>Interface.cpp(1146): error C2371: 'rc' : redefinition; different basic types
                 Interface.cpp(1079) : see declaration of 'rc'
     1>Interface.cpp(1149): error C4430: missing type specifier - int assumed. Note: C++ does not support default-int
     1>Interface.cpp(1149): error C2365: 'FrameRect' : redefinition; previous definition was 'function'
                 C:\Program Files (x86)\Microsoft SDKs\Windows\v7.0A\include\winuser.h(7941) : see declaration of 'FrameRect'
     1>Interface.cpp(1149): error C2078: too many initializers
     1>Interface.cpp(1149): error C2440: 'initializing' : cannot convert from 'HBRUSH' to 'int'
                 There is no context in which this conversion is possible
     1>Interface.cpp(1150): error C4430: missing type specifier - int assumed. Note: C++ does not support default-int
     1>Interface.cpp(1150): error C2365: 'DeflateRect' : redefinition; previous definition was 'function'
                 c:\lyra\projects\underlight\Interface.h(59) : see declaration of 'DeflateRect'
     1>Interface.cpp(1150): error C2078: too many initializers
     1>Interface.cpp(1154): error C2059: syntax error : 'if'
     1>Interface.cpp(1155): error C2059: syntax error : 'else'
     1>Interface.cpp(1157): error C4430: missing type specifier - int assumed. Note: C++ does not support default-int
     1>Interface.cpp(1157): error C2365: 'DeleteObject' : redefinition; previous definition was 'function'
                 C:\Program Files (x86)\Microsoft SDKs\Windows\v7.0A\include\wingdi.h(3323) : see declaration of 'DeleteObject'
     1>Interface.cpp(1157): error C2440: 'initializing' : cannot convert from 'HBRUSH' to 'int'
                 There is no context in which this conversion is possible
     1>Interface.cpp(1158): error C4430: missing type specifier - int assumed. Note: C++ does not support default-int
     1>Interface.cpp(1158): error C2365: 'DeleteObject' : redefinition; previous definition was 'function'
                 C:\Program Files (x86)\Microsoft SDKs\Windows\v7.0A\include\wingdi.h(3323) : see declaration of 'DeleteObject'
     1>Interface.cpp(1158): error C2440: 'initializing' : cannot convert from 'HBRUSH' to 'int'
                 There is no context in which this conversion is possible
     1>Interface.cpp(1167): error C4430: missing type specifier - int assumed. Note: C++ does not support default-int
     1>Interface.cpp(1167): error C2365: 'SetTextColor' : redefinition; previous definition was 'function'
                 C:\Program Files (x86)\Microsoft SDKs\Windows\v7.0A\include\wingdi.h(4061) : see declaration of 'SetTextColor'
     1>Interface.cpp(1167): error C2078: too many initializers
     1>Interface.cpp(1169): error C4430: missing type specifier - int assumed. Note: C++ does not support default-int
     1>Interface.cpp(1169): error C2365: 'SetBkMode' : redefinition; previous definition was 'function'
                 C:\Program Files (x86)\Microsoft SDKs\Windows\v7.0A\include\wingdi.h(4022) : see declaration of 'SetBkMode'
     1>Interface.cpp(1169): error C2078: too many initializers
     1>Interface.cpp(1171): error C4430: missing type specifier - int assumed. Note: C++ does not support default-int
     1>Interface.cpp(1171): error C2365: 'strcpy' : redefinition; previous definition was 'function'
                 c:\Program Files (x86)\Microsoft Visual Studio 10.0\VC\include\string.h(105) : see declaration of 'strcpy'
     1>Interface.cpp(1171): error C2078: too many initializers
     1>Interface.cpp(1171): error C2440: 'initializing' : cannot convert from 'const char [2]' to 'int'
                 There is no context in which this conversion is possible
     1>Interface.cpp(1172): error C4430: missing type specifier - int assumed. Note: C++ does not support default-int
     1>Interface.cpp(1172): error C2365: 'GetTextExtentPointA' : redefinition; previous definition was 'function'
                 C:\Program Files (x86)\Microsoft SDKs\Windows\v7.0A\include\wingdi.h(3674) : see declaration of 'GetTextExtentPointA'
     1>Interface.cpp(1172): error C2078: too many initializers
     1>Interface.cpp(1172): error C2440: 'initializing' : cannot convert from 'SIZE *' to 'int'
                 There is no context in which this conversion is possible
     1>Interface.cpp(1173): error C2143: syntax error : missing ';' before '.'
     1>Interface.cpp(1173): error C4430: missing type specifier - int assumed. Note: C++ does not support default-int
     1>Interface.cpp(1173): error C2371: 'rc' : redefinition; different basic types
                 Interface.cpp(1079) : see declaration of 'rc'
     1>Interface.cpp(1175): error C2065: 'hWnd' : undeclared identifier
     1>Interface.cpp(1175): error C4430: missing type specifier - int assumed. Note: C++ does not support default-int
     1>Interface.cpp(1175): error C2365: 'GetWindowTextA' : redefinition; previous definition was 'function'
                 C:\Program Files (x86)\Microsoft SDKs\Windows\v7.0A\include\winuser.h(7332) : see declaration of 'GetWindowTextA'
     1>Interface.cpp(1175): error C2078: too many initializers
     1>Interface.cpp(1176): error C4430: missing type specifier - int assumed. Note: C++ does not support default-int
     1>Interface.cpp(1176): error C2365: 'DrawTextA' : redefinition; previous definition was 'function'
                 C:\Program Files (x86)\Microsoft SDKs\Windows\v7.0A\include\winuser.h(6639) : see declaration of 'DrawTextA'
     1>Interface.cpp(1176): error C2078: too many initializers
     1>Interface.cpp(1178): error C2065: 'hWnd' : undeclared identifier
     1>Interface.cpp(1178): error C4430: missing type specifier - int assumed. Note: C++ does not support default-int
     1>Interface.cpp(1178): error C2365: 'EndPaint' : redefinition; previous definition was 'function'
                 C:\Program Files (x86)\Microsoft SDKs\Windows\v7.0A\include\winuser.h(6978) : see declaration of 'EndPaint'
     1>Interface.cpp(1178): error C2078: too many initializers
     1>Interface.cpp(1178): error C2440: 'initializing' : cannot convert from 'PAINTSTRUCT *' to 'int'
                 There is no context in which this conversion is possible
     1>Interface.cpp(1179): error C2059: syntax error : 'return'
     1>Done Building Project "C:\Lyra\Projects\Underlight\Underlight.vcxproj" (ClCompile target(s)) -- FAILED.

Build FAILED.

Time Elapsed 00:00:05.85
