Build started 6/15/2014 7:54:52 PM.
     1>Project "C:\Users\Administrator\UnderlightSource\ULClient\Underlight\Underlight.vcxproj" on node 2 (build target(s)).
     1>InitializeBuildStatus:
         Creating ".\Gamemaster\Underlight.unsuccessfulbuild" because "AlwaysCreate" was specified.
       ClCompile:
         c:\Program Files (x86)\Microsoft Visual Studio 10.0\VC\bin\CL.exe /c /I..\OggVorbis\include /I..\MessageMaker /I..\AgentMessages /I..\AgentSvr /I..\Underlight /I..\DXSDK\SDK\inc /I..\RWSDK\inc /Zi /nologo /W3 /WX- /O1 /Ob1 /Oy- /D NDEBUG /D GAMEMASTER_FULL /D GAMEMASTER /D GAME_LYR /D WIN32 /D _WINDOWS /D USE_INLINE /D ENGLISH /D _VC80_UPGRADE=0x0600 /D _CRT_SECURE_NO_WARNINGS /GF /Gm- /EHsc /MT /GS /Gy /fp:precise /Zc:wchar_t /Zc:forScope /Fo".\Gamemaster/" /Fd".\Gamemaster/vc100.pdb" /Gr /TP /analyze- /errorReport:prompt BuildView.cpp CreateFrame.cpp Dialogs.cpp Interface.cpp Keyboard.cpp Main.cpp Mouse.cpp Move.cpp Options.cpp RenderActor.cpp RenderView.cpp Utils.cpp cAI.cpp cActor.cpp cAgentBox.cpp cArts.cpp cChat.cpp cControlPanel.cpp cDDraw.cpp cDSound.cpp cDetailGoal.cpp cDetailQuest.cpp cGameServer.cpp cGoalBook.cpp cGoalPosting.cpp cItem.cpp cKeymap.cpp cLevel.cpp cMissile.cpp cNeighbor.cpp cOrnament.cpp cParty.cpp cPlayer.cpp cPostGoal.cpp cPostQuest.cpp cQuestBuilder.cpp cReadGoal.cpp cReadQuest.cpp cReadReport.cpp cReportGoal.cpp cReviewGoals.cpp cSending.cpp
         BuildView.cpp
         CreateFrame.cpp
     1>CreateFrame.cpp(246): warning C4018: '>' : signed/unsigned mismatch
     1>CreateFrame.cpp(285): warning C4018: '>' : signed/unsigned mismatch
     1>CreateFrame.cpp(311): warning C4018: '>' : signed/unsigned mismatch
     1>CreateFrame.cpp(317): warning C4018: '>' : signed/unsigned mismatch
     1>CreateFrame.cpp(326): warning C4018: '>' : signed/unsigned mismatch
         Dialogs.cpp
     1>Dialogs.cpp(1646): warning C4258: 'i' : definition from the for loop is ignored; the definition from the enclosing scope is used
                 Dialogs.cpp(1633) : definition of 'i' ignored
                 Dialogs.cpp(1589) : definition of 'i' used
     1>Dialogs.cpp(1646): warning C4258: 'i' : definition from the for loop is ignored; the definition from the enclosing scope is used
                 Dialogs.cpp(1633) : definition of 'i' ignored
                 Dialogs.cpp(1589) : definition of 'i' used
     1>Dialogs.cpp(1646): warning C4258: 'i' : definition from the for loop is ignored; the definition from the enclosing scope is used
                 Dialogs.cpp(1633) : definition of 'i' ignored
                 Dialogs.cpp(1589) : definition of 'i' used
     1>Dialogs.cpp(1648): warning C4258: 'i' : definition from the for loop is ignored; the definition from the enclosing scope is used
                 Dialogs.cpp(1633) : definition of 'i' ignored
                 Dialogs.cpp(1589) : definition of 'i' used
     1>Dialogs.cpp(1649): warning C4258: 'i' : definition from the for loop is ignored; the definition from the enclosing scope is used
                 Dialogs.cpp(1633) : definition of 'i' ignored
                 Dialogs.cpp(1589) : definition of 'i' used
     1>Dialogs.cpp(1649): warning C4258: 'i' : definition from the for loop is ignored; the definition from the enclosing scope is used
                 Dialogs.cpp(1633) : definition of 'i' ignored
                 Dialogs.cpp(1589) : definition of 'i' used
     1>Dialogs.cpp(1654): warning C4258: 'i' : definition from the for loop is ignored; the definition from the enclosing scope is used
                 Dialogs.cpp(1633) : definition of 'i' ignored
                 Dialogs.cpp(1589) : definition of 'i' used
     1>Dialogs.cpp(1654): warning C4258: 'i' : definition from the for loop is ignored; the definition from the enclosing scope is used
                 Dialogs.cpp(1633) : definition of 'i' ignored
                 Dialogs.cpp(1589) : definition of 'i' used
     1>Dialogs.cpp(1654): warning C4018: '<=' : signed/unsigned mismatch
     1>Dialogs.cpp(1654): warning C4258: 'i' : definition from the for loop is ignored; the definition from the enclosing scope is used
                 Dialogs.cpp(1633) : definition of 'i' ignored
                 Dialogs.cpp(1589) : definition of 'i' used
     1>Dialogs.cpp(1656): warning C4258: 'i' : definition from the for loop is ignored; the definition from the enclosing scope is used
                 Dialogs.cpp(1633) : definition of 'i' ignored
                 Dialogs.cpp(1589) : definition of 'i' used
     1>Dialogs.cpp(1658): warning C4258: 'i' : definition from the for loop is ignored; the definition from the enclosing scope is used
                 Dialogs.cpp(1633) : definition of 'i' ignored
                 Dialogs.cpp(1589) : definition of 'i' used
     1>Dialogs.cpp(1659): warning C4258: 'i' : definition from the for loop is ignored; the definition from the enclosing scope is used
                 Dialogs.cpp(1633) : definition of 'i' ignored
                 Dialogs.cpp(1589) : definition of 'i' used
     1>Dialogs.cpp(1901): warning C4258: 'i' : definition from the for loop is ignored; the definition from the enclosing scope is used
                 Dialogs.cpp(1893) : definition of 'i' ignored
                 Dialogs.cpp(1589) : definition of 'i' used
     1>Dialogs.cpp(1901): warning C4258: 'i' : definition from the for loop is ignored; the definition from the enclosing scope is used
                 Dialogs.cpp(1893) : definition of 'i' ignored
                 Dialogs.cpp(1589) : definition of 'i' used
     1>Dialogs.cpp(1901): warning C4258: 'i' : definition from the for loop is ignored; the definition from the enclosing scope is used
                 Dialogs.cpp(1893) : definition of 'i' ignored
                 Dialogs.cpp(1589) : definition of 'i' used
     1>Dialogs.cpp(1903): warning C4258: 'i' : definition from the for loop is ignored; the definition from the enclosing scope is used
                 Dialogs.cpp(1893) : definition of 'i' ignored
                 Dialogs.cpp(1589) : definition of 'i' used
     1>Dialogs.cpp(1903): warning C4258: 'i' : definition from the for loop is ignored; the definition from the enclosing scope is used
                 Dialogs.cpp(1893) : definition of 'i' ignored
                 Dialogs.cpp(1589) : definition of 'i' used
     1>Dialogs.cpp(1904): warning C4258: 'i' : definition from the for loop is ignored; the definition from the enclosing scope is used
                 Dialogs.cpp(1893) : definition of 'i' ignored
                 Dialogs.cpp(1589) : definition of 'i' used
     1>Dialogs.cpp(1905): warning C4258: 'i' : definition from the for loop is ignored; the definition from the enclosing scope is used
                 Dialogs.cpp(1893) : definition of 'i' ignored
                 Dialogs.cpp(1589) : definition of 'i' used
     1>Dialogs.cpp(1908): warning C4258: 'i' : definition from the for loop is ignored; the definition from the enclosing scope is used
                 Dialogs.cpp(1893) : definition of 'i' ignored
                 Dialogs.cpp(1589) : definition of 'i' used
     1>Dialogs.cpp(1912): warning C4258: 'i' : definition from the for loop is ignored; the definition from the enclosing scope is used
                 Dialogs.cpp(1893) : definition of 'i' ignored
                 Dialogs.cpp(1589) : definition of 'i' used
     1>Dialogs.cpp(1914): warning C4258: 'i' : definition from the for loop is ignored; the definition from the enclosing scope is used
                 Dialogs.cpp(1893) : definition of 'i' ignored
                 Dialogs.cpp(1589) : definition of 'i' used
     1>Dialogs.cpp(1915): warning C4258: 'i' : definition from the for loop is ignored; the definition from the enclosing scope is used
                 Dialogs.cpp(1893) : definition of 'i' ignored
                 Dialogs.cpp(1589) : definition of 'i' used
     1>Dialogs.cpp(1918): warning C4258: 'i' : definition from the for loop is ignored; the definition from the enclosing scope is used
                 Dialogs.cpp(1893) : definition of 'i' ignored
                 Dialogs.cpp(1589) : definition of 'i' used
     1>Dialogs.cpp(1920): warning C4258: 'i' : definition from the for loop is ignored; the definition from the enclosing scope is used
                 Dialogs.cpp(1893) : definition of 'i' ignored
                 Dialogs.cpp(1589) : definition of 'i' used
     1>Dialogs.cpp(1921): warning C4258: 'i' : definition from the for loop is ignored; the definition from the enclosing scope is used
                 Dialogs.cpp(1893) : definition of 'i' ignored
                 Dialogs.cpp(1589) : definition of 'i' used
     1>Dialogs.cpp(1922): warning C4258: 'i' : definition from the for loop is ignored; the definition from the enclosing scope is used
                 Dialogs.cpp(1893) : definition of 'i' ignored
                 Dialogs.cpp(1589) : definition of 'i' used
     1>Dialogs.cpp(1922): warning C4258: 'i' : definition from the for loop is ignored; the definition from the enclosing scope is used
                 Dialogs.cpp(1893) : definition of 'i' ignored
                 Dialogs.cpp(1589) : definition of 'i' used
     1>Dialogs.cpp(1925): warning C4258: 'i' : definition from the for loop is ignored; the definition from the enclosing scope is used
                 Dialogs.cpp(1893) : definition of 'i' ignored
                 Dialogs.cpp(1589) : definition of 'i' used
     1>Dialogs.cpp(2095): warning C4258: 'j' : definition from the for loop is ignored; the definition from the enclosing scope is used
                 Dialogs.cpp(2088) : definition of 'j' ignored
                 Dialogs.cpp(1589) : definition of 'j' used
     1>Dialogs.cpp(2095): warning C4258: 'j' : definition from the for loop is ignored; the definition from the enclosing scope is used
                 Dialogs.cpp(2088) : definition of 'j' ignored
                 Dialogs.cpp(1589) : definition of 'j' used
     1>Dialogs.cpp(2095): warning C4258: 'j' : definition from the for loop is ignored; the definition from the enclosing scope is used
                 Dialogs.cpp(2088) : definition of 'j' ignored
                 Dialogs.cpp(1589) : definition of 'j' used
     1>Dialogs.cpp(2097): warning C4258: 'j' : definition from the for loop is ignored; the definition from the enclosing scope is used
                 Dialogs.cpp(2088) : definition of 'j' ignored
                 Dialogs.cpp(1589) : definition of 'j' used
     1>Dialogs.cpp(2097): warning C4258: 'j' : definition from the for loop is ignored; the definition from the enclosing scope is used
                 Dialogs.cpp(2088) : definition of 'j' ignored
                 Dialogs.cpp(1589) : definition of 'j' used
     1>Dialogs.cpp(2098): warning C4258: 'j' : definition from the for loop is ignored; the definition from the enclosing scope is used
                 Dialogs.cpp(2088) : definition of 'j' ignored
                 Dialogs.cpp(1589) : definition of 'j' used
     1>Dialogs.cpp(2098): warning C4258: 'j' : definition from the for loop is ignored; the definition from the enclosing scope is used
                 Dialogs.cpp(2088) : definition of 'j' ignored
                 Dialogs.cpp(1589) : definition of 'j' used
     1>Dialogs.cpp(2102): warning C4258: 'j' : definition from the for loop is ignored; the definition from the enclosing scope is used
                 Dialogs.cpp(2088) : definition of 'j' ignored
                 Dialogs.cpp(1589) : definition of 'j' used
     1>Dialogs.cpp(2102): warning C4258: 'j' : definition from the for loop is ignored; the definition from the enclosing scope is used
                 Dialogs.cpp(2088) : definition of 'j' ignored
                 Dialogs.cpp(1589) : definition of 'j' used
     1>Dialogs.cpp(2102): warning C4258: 'j' : definition from the for loop is ignored; the definition from the enclosing scope is used
                 Dialogs.cpp(2088) : definition of 'j' ignored
                 Dialogs.cpp(1589) : definition of 'j' used
     1>Dialogs.cpp(2104): warning C4258: 'j' : definition from the for loop is ignored; the definition from the enclosing scope is used
                 Dialogs.cpp(2088) : definition of 'j' ignored
                 Dialogs.cpp(1589) : definition of 'j' used
     1>Dialogs.cpp(2104): warning C4258: 'j' : definition from the for loop is ignored; the definition from the enclosing scope is used
                 Dialogs.cpp(2088) : definition of 'j' ignored
                 Dialogs.cpp(1589) : definition of 'j' used
     1>Dialogs.cpp(2105): warning C4258: 'j' : definition from the for loop is ignored; the definition from the enclosing scope is used
                 Dialogs.cpp(2088) : definition of 'j' ignored
                 Dialogs.cpp(1589) : definition of 'j' used
     1>Dialogs.cpp(2105): warning C4258: 'j' : definition from the for loop is ignored; the definition from the enclosing scope is used
                 Dialogs.cpp(2088) : definition of 'j' ignored
                 Dialogs.cpp(1589) : definition of 'j' used
     1>Dialogs.cpp(2161): warning C4258: 'i' : definition from the for loop is ignored; the definition from the enclosing scope is used
                 Dialogs.cpp(2039) : definition of 'i' ignored
                 Dialogs.cpp(1589) : definition of 'i' used
     1>Dialogs.cpp(2161): warning C4258: 'i' : definition from the for loop is ignored; the definition from the enclosing scope is used
                 Dialogs.cpp(2039) : definition of 'i' ignored
                 Dialogs.cpp(1589) : definition of 'i' used
     1>Dialogs.cpp(2161): warning C4258: 'i' : definition from the for loop is ignored; the definition from the enclosing scope is used
                 Dialogs.cpp(2039) : definition of 'i' ignored
                 Dialogs.cpp(1589) : definition of 'i' used
     1>Dialogs.cpp(2163): warning C4258: 'i' : definition from the for loop is ignored; the definition from the enclosing scope is used
                 Dialogs.cpp(2039) : definition of 'i' ignored
                 Dialogs.cpp(1589) : definition of 'i' used
     1>Dialogs.cpp(2164): warning C4258: 'i' : definition from the for loop is ignored; the definition from the enclosing scope is used
                 Dialogs.cpp(2039) : definition of 'i' ignored
                 Dialogs.cpp(1589) : definition of 'i' used
     1>Dialogs.cpp(2166): warning C4258: 'i' : definition from the for loop is ignored; the definition from the enclosing scope is used
                 Dialogs.cpp(2039) : definition of 'i' ignored
                 Dialogs.cpp(1589) : definition of 'i' used
     1>Dialogs.cpp(2167): warning C4258: 'i' : definition from the for loop is ignored; the definition from the enclosing scope is used
                 Dialogs.cpp(2039) : definition of 'i' ignored
                 Dialogs.cpp(1589) : definition of 'i' used
     1>Dialogs.cpp(2192): warning C4258: 'i' : definition from the for loop is ignored; the definition from the enclosing scope is used
                 Dialogs.cpp(2039) : definition of 'i' ignored
                 Dialogs.cpp(1589) : definition of 'i' used
     1>Dialogs.cpp(2192): warning C4258: 'i' : definition from the for loop is ignored; the definition from the enclosing scope is used
                 Dialogs.cpp(2039) : definition of 'i' ignored
                 Dialogs.cpp(1589) : definition of 'i' used
     1>Dialogs.cpp(2192): warning C4258: 'i' : definition from the for loop is ignored; the definition from the enclosing scope is used
                 Dialogs.cpp(2039) : definition of 'i' ignored
                 Dialogs.cpp(1589) : definition of 'i' used
     1>Dialogs.cpp(2194): warning C4258: 'i' : definition from the for loop is ignored; the definition from the enclosing scope is used
                 Dialogs.cpp(2039) : definition of 'i' ignored
                 Dialogs.cpp(1589) : definition of 'i' used
     1>Dialogs.cpp(2195): warning C4258: 'i' : definition from the for loop is ignored; the definition from the enclosing scope is used
                 Dialogs.cpp(2039) : definition of 'i' ignored
                 Dialogs.cpp(1589) : definition of 'i' used
     1>Dialogs.cpp(2229): warning C4258: 'i' : definition from the for loop is ignored; the definition from the enclosing scope is used
                 Dialogs.cpp(2039) : definition of 'i' ignored
                 Dialogs.cpp(1589) : definition of 'i' used
     1>Dialogs.cpp(2229): warning C4258: 'i' : definition from the for loop is ignored; the definition from the enclosing scope is used
                 Dialogs.cpp(2039) : definition of 'i' ignored
                 Dialogs.cpp(1589) : definition of 'i' used
     1>Dialogs.cpp(2229): warning C4258: 'i' : definition from the for loop is ignored; the definition from the enclosing scope is used
                 Dialogs.cpp(2039) : definition of 'i' ignored
                 Dialogs.cpp(1589) : definition of 'i' used
     1>Dialogs.cpp(2231): warning C4258: 'i' : definition from the for loop is ignored; the definition from the enclosing scope is used
                 Dialogs.cpp(2039) : definition of 'i' ignored
                 Dialogs.cpp(1589) : definition of 'i' used
     1>Dialogs.cpp(2236): warning C4258: 'i' : definition from the for loop is ignored; the definition from the enclosing scope is used
                 Dialogs.cpp(2039) : definition of 'i' ignored
                 Dialogs.cpp(1589) : definition of 'i' used
     1>Dialogs.cpp(2245): warning C4258: 'i' : definition from the for loop is ignored; the definition from the enclosing scope is used
                 Dialogs.cpp(2039) : definition of 'i' ignored
                 Dialogs.cpp(1589) : definition of 'i' used
     1>Dialogs.cpp(2250): warning C4258: 'i' : definition from the for loop is ignored; the definition from the enclosing scope is used
                 Dialogs.cpp(2039) : definition of 'i' ignored
                 Dialogs.cpp(1589) : definition of 'i' used
     1>Dialogs.cpp(2252): warning C4258: 'i' : definition from the for loop is ignored; the definition from the enclosing scope is used
                 Dialogs.cpp(2039) : definition of 'i' ignored
                 Dialogs.cpp(1589) : definition of 'i' used
     1>Dialogs.cpp(2274): warning C4258: 'i' : definition from the for loop is ignored; the definition from the enclosing scope is used
                 Dialogs.cpp(2039) : definition of 'i' ignored
                 Dialogs.cpp(1589) : definition of 'i' used
     1>Dialogs.cpp(2274): warning C4258: 'i' : definition from the for loop is ignored; the definition from the enclosing scope is used
                 Dialogs.cpp(2039) : definition of 'i' ignored
                 Dialogs.cpp(1589) : definition of 'i' used
     1>Dialogs.cpp(2274): warning C4258: 'i' : definition from the for loop is ignored; the definition from the enclosing scope is used
                 Dialogs.cpp(2039) : definition of 'i' ignored
                 Dialogs.cpp(1589) : definition of 'i' used
     1>Dialogs.cpp(2276): warning C4258: 'i' : definition from the for loop is ignored; the definition from the enclosing scope is used
                 Dialogs.cpp(2039) : definition of 'i' ignored
                 Dialogs.cpp(1589) : definition of 'i' used
     1>Dialogs.cpp(2288): warning C4258: 'i' : definition from the for loop is ignored; the definition from the enclosing scope is used
                 Dialogs.cpp(2039) : definition of 'i' ignored
                 Dialogs.cpp(1589) : definition of 'i' used
     1>Dialogs.cpp(2302): warning C4258: 'i' : definition from the for loop is ignored; the definition from the enclosing scope is used
                 Dialogs.cpp(2039) : definition of 'i' ignored
                 Dialogs.cpp(1589) : definition of 'i' used
     1>Dialogs.cpp(2323): warning C4258: 'i' : definition from the for loop is ignored; the definition from the enclosing scope is used
                 Dialogs.cpp(2039) : definition of 'i' ignored
                 Dialogs.cpp(1589) : definition of 'i' used
     1>Dialogs.cpp(2325): warning C4258: 'i' : definition from the for loop is ignored; the definition from the enclosing scope is used
                 Dialogs.cpp(2039) : definition of 'i' ignored
                 Dialogs.cpp(1589) : definition of 'i' used
     1>Dialogs.cpp(2327): warning C4258: 'i' : definition from the for loop is ignored; the definition from the enclosing scope is used
                 Dialogs.cpp(2039) : definition of 'i' ignored
                 Dialogs.cpp(1589) : definition of 'i' used
     1>Dialogs.cpp(2437): warning C4258: 'i' : definition from the for loop is ignored; the definition from the enclosing scope is used
                 Dialogs.cpp(2429) : definition of 'i' ignored
                 Dialogs.cpp(1589) : definition of 'i' used
     1>Dialogs.cpp(2437): warning C4258: 'i' : definition from the for loop is ignored; the definition from the enclosing scope is used
                 Dialogs.cpp(2429) : definition of 'i' ignored
                 Dialogs.cpp(1589) : definition of 'i' used
     1>Dialogs.cpp(2437): warning C4258: 'i' : definition from the for loop is ignored; the definition from the enclosing scope is used
                 Dialogs.cpp(2429) : definition of 'i' ignored
                 Dialogs.cpp(1589) : definition of 'i' used
     1>Dialogs.cpp(2439): warning C4258: 'i' : definition from the for loop is ignored; the definition from the enclosing scope is used
                 Dialogs.cpp(2429) : definition of 'i' ignored
                 Dialogs.cpp(1589) : definition of 'i' used
     1>Dialogs.cpp(2439): warning C4258: 'i' : definition from the for loop is ignored; the definition from the enclosing scope is used
                 Dialogs.cpp(2429) : definition of 'i' ignored
                 Dialogs.cpp(1589) : definition of 'i' used
     1>Dialogs.cpp(2440): warning C4258: 'i' : definition from the for loop is ignored; the definition from the enclosing scope is used
                 Dialogs.cpp(2429) : definition of 'i' ignored
                 Dialogs.cpp(1589) : definition of 'i' used
     1>Dialogs.cpp(2441): warning C4258: 'i' : definition from the for loop is ignored; the definition from the enclosing scope is used
                 Dialogs.cpp(2429) : definition of 'i' ignored
                 Dialogs.cpp(1589) : definition of 'i' used
     1>Dialogs.cpp(2444): warning C4258: 'i' : definition from the for loop is ignored; the definition from the enclosing scope is used
                 Dialogs.cpp(2429) : definition of 'i' ignored
                 Dialogs.cpp(1589) : definition of 'i' used
     1>Dialogs.cpp(2448): warning C4258: 'i' : definition from the for loop is ignored; the definition from the enclosing scope is used
                 Dialogs.cpp(2429) : definition of 'i' ignored
                 Dialogs.cpp(1589) : definition of 'i' used
     1>Dialogs.cpp(2450): warning C4258: 'i' : definition from the for loop is ignored; the definition from the enclosing scope is used
                 Dialogs.cpp(2429) : definition of 'i' ignored
                 Dialogs.cpp(1589) : definition of 'i' used
     1>Dialogs.cpp(2451): warning C4258: 'i' : definition from the for loop is ignored; the definition from the enclosing scope is used
                 Dialogs.cpp(2429) : definition of 'i' ignored
                 Dialogs.cpp(1589) : definition of 'i' used
     1>Dialogs.cpp(2454): warning C4258: 'i' : definition from the for loop is ignored; the definition from the enclosing scope is used
                 Dialogs.cpp(2429) : definition of 'i' ignored
                 Dialogs.cpp(1589) : definition of 'i' used
     1>Dialogs.cpp(2456): warning C4258: 'i' : definition from the for loop is ignored; the definition from the enclosing scope is used
                 Dialogs.cpp(2429) : definition of 'i' ignored
                 Dialogs.cpp(1589) : definition of 'i' used
     1>Dialogs.cpp(2457): warning C4258: 'i' : definition from the for loop is ignored; the definition from the enclosing scope is used
                 Dialogs.cpp(2429) : definition of 'i' ignored
                 Dialogs.cpp(1589) : definition of 'i' used
     1>Dialogs.cpp(2458): warning C4258: 'i' : definition from the for loop is ignored; the definition from the enclosing scope is used
                 Dialogs.cpp(2429) : definition of 'i' ignored
                 Dialogs.cpp(1589) : definition of 'i' used
     1>Dialogs.cpp(2458): warning C4258: 'i' : definition from the for loop is ignored; the definition from the enclosing scope is used
                 Dialogs.cpp(2429) : definition of 'i' ignored
                 Dialogs.cpp(1589) : definition of 'i' used
     1>Dialogs.cpp(5184): warning C4101: 'i' : unreferenced local variable
     1>Dialogs.cpp(5184): warning C4101: 'j' : unreferenced local variable
     1>Dialogs.cpp(5184): warning C4101: 'message_length' : unreferenced local variable
         Interface.cpp
         Keyboard.cpp
         Main.cpp
         Mouse.cpp
         Move.cpp
     1>Move.cpp(795): warning C4244: 'argument' : conversion from 'long' to 'float', possible loss of data
     1>Move.cpp(796): warning C4244: 'argument' : conversion from 'long' to 'float', possible loss of data
     1>Move.cpp(798): warning C4244: 'argument' : conversion from 'long' to 'float', possible loss of data
     1>Move.cpp(799): warning C4244: 'argument' : conversion from 'long' to 'float', possible loss of data
     1>Move.cpp(1218): warning C4244: 'argument' : conversion from 'int' to 'float', possible loss of data
     1>Move.cpp(1224): warning C4244: 'argument' : conversion from 'int' to 'float', possible loss of data
     1>Move.cpp(1225): warning C4244: 'argument' : conversion from 'int' to 'float', possible loss of data
         Options.cpp
         RenderActor.cpp
     1>c:\users\administrator\underlightsource\ulclient\underlight\cPalettes.h(8): warning C4005: 'STRICT' : macro redefinition
                 C:\Program Files (x86)\Microsoft SDKs\Windows\v7.0A\include\windef.h(16) : see previous definition of 'STRICT'
         RenderView.cpp
     1>c:\users\administrator\underlightsource\ulclient\underlight\cPalettes.h(8): warning C4005: 'STRICT' : macro redefinition
                 C:\Program Files (x86)\Microsoft SDKs\Windows\v7.0A\include\windef.h(16) : see previous definition of 'STRICT'
         Utils.cpp
         cAI.cpp
         cActor.cpp
         cAgentBox.cpp
         cArts.cpp
         MKET - Game designer choice goes here when ready
     1>cArts.cpp(4392): warning C4101: 'temp_buffer' : unreferenced local variable
     1>cArts.cpp(4380): warning C4101: 'sphere' : unreferenced local variable
     1>cArts.cpp(7908): warning C4018: '>=' : signed/unsigned mismatch
         cChat.cpp
         cControlPanel.cpp
     1>cControlPanel.cpp(475): warning C4101: 'str' : unreferenced local variable
         cDDraw.cpp
     1>cDDraw.cpp(470): warning C4244: '=' : conversion from 'double' to 'float', possible loss of data
     1>cDDraw.cpp(475): warning C4244: '=' : conversion from 'double' to 'float', possible loss of data
         cDSound.cpp
         Generating Code...
     1>c:\users\administrator\underlightsource\ulclient\underlight\renderview.cpp(1412): warning C4731: 'blit_texture_row' : frame pointer register 'ebp' modified by inline assembly code
     1>c:\users\administrator\underlightsource\ulclient\underlight\renderview.cpp(1429): warning C4731: 'blit_texture_row' : frame pointer register 'ebp' modified by inline assembly code
     1>c:\users\administrator\underlightsource\ulclient\underlight\renderview.cpp(1434): warning C4731: 'blit_texture_row' : frame pointer register 'ebp' modified by inline assembly code
     1>c:\users\administrator\underlightsource\ulclient\underlight\renderview.cpp(1442): warning C4731: 'blit_texture_row' : frame pointer register 'ebp' modified by inline assembly code
     1>c:\users\administrator\underlightsource\ulclient\underlight\renderview.cpp(1459): warning C4731: 'double_blit_texture_row' : frame pointer register 'ebp' modified by inline assembly code
     1>c:\users\administrator\underlightsource\ulclient\underlight\renderview.cpp(1483): warning C4731: 'double_blit_texture_row' : frame pointer register 'ebp' modified by inline assembly code
     1>c:\users\administrator\underlightsource\ulclient\underlight\renderview.cpp(1500): warning C4731: 'double_blit_texture_row' : frame pointer register 'ebp' modified by inline assembly code
     1>c:\users\administrator\underlightsource\ulclient\underlight\renderview.cpp(1853): warning C4731: 'blit_flat_double' : frame pointer register 'ebp' modified by inline assembly code
     1>c:\users\administrator\underlightsource\ulclient\underlight\renderview.cpp(1878): warning C4731: 'blit_flat_double' : frame pointer register 'ebp' modified by inline assembly code
     1>c:\users\administrator\underlightsource\ulclient\underlight\renderview.cpp(1895): warning C4731: 'blit_flat_double' : frame pointer register 'ebp' modified by inline assembly code
     1>c:\users\administrator\underlightsource\ulclient\underlight\renderview.cpp(1928): warning C4731: 'blit_flat_single' : frame pointer register 'ebp' modified by inline assembly code
     1>c:\users\administrator\underlightsource\ulclient\underlight\renderview.cpp(1950): warning C4731: 'blit_flat_single' : frame pointer register 'ebp' modified by inline assembly code
     1>c:\users\administrator\underlightsource\ulclient\underlight\renderview.cpp(1959): warning C4731: 'blit_flat_single' : frame pointer register 'ebp' modified by inline assembly code
         Compiling...
         cDetailGoal.cpp
         cDetailQuest.cpp
         cGameServer.cpp
     1>cGameServer.cpp(2965): warning C4244: '=' : conversion from '__int64' to 'unsigned int', possible loss of data
         cGoalBook.cpp
         cGoalPosting.cpp
         cItem.cpp
     1>cItem.cpp(1375): warning C4018: '>' : signed/unsigned mismatch
     1>cItem.cpp(1409): warning C4018: '>' : signed/unsigned mismatch
         cKeymap.cpp
         cLevel.cpp
         Room Decryption Code
         cMissile.cpp
         cNeighbor.cpp
     1>cNeighbor.cpp(102): warning C4244: 'argument' : conversion from 'int' to 'float', possible loss of data
     1>cNeighbor.cpp(102): warning C4244: 'argument' : conversion from 'int' to 'float', possible loss of data
     1>cNeighbor.cpp(107): warning C4244: '=' : conversion from 'short' to 'unsigned char', possible loss of data
         cOrnament.cpp
         cParty.cpp
         cPlayer.cpp
     1>cPlayer.cpp(1953): warning C4244: 'initializing' : conversion from 'double' to 'unsigned int', possible loss of data
         cPostGoal.cpp
         cPostQuest.cpp
         cQuestBuilder.cpp
         cReadGoal.cpp
         cReadQuest.cpp
         cReadReport.cpp
         cReportGoal.cpp
         Generating Code...
         Compiling...
         cReviewGoals.cpp
         cSending.cpp
         Generating Code...
         c:\Program Files (x86)\Microsoft Visual Studio 10.0\VC\bin\CL.exe /c /I..\OggVorbis\include /I..\MessageMaker /I..\AgentMessages /I..\AgentSvr /I..\Underlight /I..\DXSDK\SDK\inc /I..\RWSDK\inc /Zi /nologo /W3 /WX- /O1 /Ob1 /Oy- /D NDEBUG /D GAMEMASTER_FULL /D GAMEMASTER /D GAME_LYR /D WIN32 /D _WINDOWS /D USE_INLINE /D ENGLISH /D _VC80_UPGRADE=0x0600 /D _CRT_SECURE_NO_WARNINGS /GF /Gm- /EHsc /MT /GS /Gy /fp:precise /Zc:wchar_t /Zc:forScope /Fo".\Gamemaster/" /Fd".\Gamemaster/vc100.pdb" /Gd /TP /analyze- /errorReport:prompt Realm.cpp
         Realm.cpp
       ResourceCompile:
         All outputs are up-to-date.
       Link:
         c:\Program Files (x86)\Microsoft Visual Studio 10.0\VC\bin\link.exe /ERRORREPORT:PROMPT /OUT:"\lyra\dev\gm-underlight.exe" /INCREMENTAL:NO /NOLOGO /LIBPATH:..\OggVorbis\lib /LIBPATH:..\libs ../MessageMaker/Release/MessageMaker.lib oldnames.lib th32.lib wininet.lib lz32.lib winmm.lib wsock32.lib ddraw.lib dsound.lib dxguid.lib comctl32.lib libcmtd.lib msimg32.lib kernel32.lib user32.lib gdi32.lib winspool.lib comdlg32.lib advapi32.lib shell32.lib ole32.lib oleaut32.lib uuid.lib odbc32.lib odbccp32.lib /NODEFAULTLIB /MANIFEST /ManifestFile:".\Gamemaster\gm-underlight.exe.intermediate.manifest" /MANIFESTUAC:"level='asInvoker' uiAccess='false'" /DEBUG /PDB:"C:\lyra\dev\gm-underlight.pdb" /MAP:".\Gamemaster/gm-underlight.map" /SUBSYSTEM:WINDOWS /TLBID:1 /DYNAMICBASE:NO /IMPLIB:"C:\lyra\dev\gm-underlight.lib" /MACHINE:X86 .\Gamemaster\Underlight.res
         .\Gamemaster/BuildView.obj
         .\Gamemaster/cActor.obj
         .\Gamemaster/cActorList.obj
         .\Gamemaster/cAgentBox.obj
         .\Gamemaster/cAgentServer.obj
         .\Gamemaster/cAI.obj
         .\Gamemaster/cArts.obj
         .\Gamemaster/cBanner.obj
         .\Gamemaster/cBox.obj
         .\Gamemaster/cChat.obj
         .\Gamemaster/cControlPanel.obj
         .\Gamemaster/cDDraw.obj
         .\Gamemaster/cDetailGoal.obj
         .\Gamemaster/cDetailQuest.obj
         .\Gamemaster/cDSound.obj
         .\Gamemaster/cEffects.obj
         .\Gamemaster/cGameServer.obj
         .\Gamemaster/cGif.obj
         .\Gamemaster/cGoalBook.obj
         .\Gamemaster/cGoalPosting.obj
         .\Gamemaster/cGoalQuestProcs.obj
         .\Gamemaster/cItem.obj
         .\Gamemaster/cKeymap.obj
         .\Gamemaster/cLevel.obj
         .\Gamemaster/cList.obj
         .\Gamemaster/cMissile.obj
         .\Gamemaster/cNameTag.obj
         .\Gamemaster/cNeighbor.obj
         .\Gamemaster/cOrnament.obj
         .\Gamemaster/cOutput.obj
         .\Gamemaster/cPalettes.obj
         .\Gamemaster/cParty.obj
         .\Gamemaster/cPlayer.obj
         .\Gamemaster/cPostGoal.obj
         .\Gamemaster/cPostQuest.obj
         .\Gamemaster/cQuestBuilder.obj
         .\Gamemaster/cReadGoal.obj
         .\Gamemaster/cReadQuest.obj
         .\Gamemaster/cReadReport.obj
         .\Gamemaster/CreateFrame.obj
         .\Gamemaster/cReportGoal.obj
         .\Gamemaster/cReviewGoals.obj
         .\Gamemaster/cSending.obj
         .\Gamemaster/Debug.obj
         .\Gamemaster/Dialogs.obj
         .\Gamemaster/Interface.obj
         .\Gamemaster/Keyboard.obj
         .\Gamemaster/LanguageFilter.obj
         .\Gamemaster/LevelRoomNames.obj
         .\Gamemaster/LoginOptions.obj
         .\Gamemaster/Main.obj
         .\Gamemaster/Mouse.obj
         .\Gamemaster/Move.obj
         .\Gamemaster/Options.obj
         .\Gamemaster/Realm.obj
         .\Gamemaster/RenderActor.obj
         .\Gamemaster/RenderView.obj
         .\Gamemaster/RLE.obj
         .\Gamemaster/Secure.obj
         .\Gamemaster/Utils.obj
         ..\libs\DDRAW.LIB
         ..\libs\dsound.lib
         ..\libs\dxguid.lib
         ..\libs\TH32.Lib
         C:\Users\Administrator\UnderlightSource\ULClient\messagemaker\Debug\MessageMaker.lib
         Underlight.vcxproj -> C:\lyra\dev\gm-underlight.exe
       Manifest:
         C:\Program Files (x86)\Microsoft SDKs\Windows\v7.0A\bin\mt.exe /nologo /verbose /outputresource:"\lyra\dev\gm-underlight.exe;#1" /manifest ".\Gamemaster\gm-underlight.exe.intermediate.manifest"
       FinalizeBuildStatus:
         Deleting file ".\Gamemaster\Underlight.unsuccessfulbuild".
         Touching ".\Gamemaster\Underlight.lastbuildstate".
     1>Done Building Project "C:\Users\Administrator\UnderlightSource\ULClient\Underlight\Underlight.vcxproj" (build target(s)).

Build succeeded.

Time Elapsed 00:00:45.17
