.\Gamemaster\Underlight.pdb
C:\LYRA\DEV\GM-UNDERLIGHT.EXE
C:\Users\Michael Acobas\Downloads\UnderlightVC6\Underlight\.\Gamemaster\Underlight.exe.intermediate.manifest
C:\USERS\MICHAEL ACOBAS\DOWNLOADS\UNDERLIGHTVC6\UNDERLIGHT\GAMEMASTER\BUILDVIEW.OBJ
C:\USERS\MICHAEL ACOBAS\DOWNLOADS\UNDERLIGHTVC6\UNDERLIGHT\GAMEMASTER\CACTOR.OBJ
C:\USERS\MICHAEL ACOBAS\DOWNLOADS\UNDERLIGHTVC6\UNDERLIGHT\GAMEMASTER\CACTORLIST.OBJ
C:\USERS\MICHAEL ACOBAS\DOWNLOADS\UNDERLIGHTVC6\UNDERLIGHT\GAMEMASTER\CAGENTBOX.OBJ
C:\USERS\MICHAEL ACOBAS\DOWNLOADS\UNDERLIGHTVC6\UNDERLIGHT\GAMEMASTER\CAGENTSERVER.OBJ
C:\USERS\MICHAEL ACOBAS\DOWNLOADS\UNDERLIGHTVC6\UNDERLIGHT\GAMEMASTER\CAI.OBJ
C:\USERS\MICHAEL ACOBAS\DOWNLOADS\UNDERLIGHTVC6\UNDERLIGHT\GAMEMASTER\CARTS.OBJ
C:\USERS\MICHAEL ACOBAS\DOWNLOADS\UNDERLIGHTVC6\UNDERLIGHT\GAMEMASTER\CBANNER.OBJ
C:\USERS\MICHAEL ACOBAS\DOWNLOADS\UNDERLIGHTVC6\UNDERLIGHT\GAMEMASTER\CBOX.OBJ
C:\USERS\MICHAEL ACOBAS\DOWNLOADS\UNDERLIGHTVC6\UNDERLIGHT\GAMEMASTER\CCHAT.OBJ
C:\USERS\MICHAEL ACOBAS\DOWNLOADS\UNDERLIGHTVC6\UNDERLIGHT\GAMEMASTER\CCONTROLPANEL.OBJ
C:\USERS\MICHAEL ACOBAS\DOWNLOADS\UNDERLIGHTVC6\UNDERLIGHT\GAMEMASTER\CDDRAW.OBJ
C:\USERS\MICHAEL ACOBAS\DOWNLOADS\UNDERLIGHTVC6\UNDERLIGHT\GAMEMASTER\CDETAILGOAL.OBJ
C:\USERS\MICHAEL ACOBAS\DOWNLOADS\UNDERLIGHTVC6\UNDERLIGHT\GAMEMASTER\CDETAILQUEST.OBJ
C:\USERS\MICHAEL ACOBAS\DOWNLOADS\UNDERLIGHTVC6\UNDERLIGHT\GAMEMASTER\CDSOUND.OBJ
C:\USERS\MICHAEL ACOBAS\DOWNLOADS\UNDERLIGHTVC6\UNDERLIGHT\GAMEMASTER\CEFFECTS.OBJ
C:\USERS\MICHAEL ACOBAS\DOWNLOADS\UNDERLIGHTVC6\UNDERLIGHT\GAMEMASTER\CGAMESERVER.OBJ
C:\USERS\MICHAEL ACOBAS\DOWNLOADS\UNDERLIGHTVC6\UNDERLIGHT\GAMEMASTER\CGIF.OBJ
C:\USERS\MICHAEL ACOBAS\DOWNLOADS\UNDERLIGHTVC6\UNDERLIGHT\GAMEMASTER\CGOALBOOK.OBJ
C:\USERS\MICHAEL ACOBAS\DOWNLOADS\UNDERLIGHTVC6\UNDERLIGHT\GAMEMASTER\CGOALPOSTING.OBJ
C:\USERS\MICHAEL ACOBAS\DOWNLOADS\UNDERLIGHTVC6\UNDERLIGHT\GAMEMASTER\CGOALQUESTPROCS.OBJ
C:\USERS\MICHAEL ACOBAS\DOWNLOADS\UNDERLIGHTVC6\UNDERLIGHT\GAMEMASTER\CITEM.OBJ
C:\USERS\MICHAEL ACOBAS\DOWNLOADS\UNDERLIGHTVC6\UNDERLIGHT\GAMEMASTER\CKEYMAP.OBJ
C:\Users\Michael Acobas\Downloads\UnderlightVC6\Underlight\Gamemaster\cl.command.1.tlog
C:\Users\Michael Acobas\Downloads\UnderlightVC6\Underlight\Gamemaster\CL.read.1.tlog
C:\Users\Michael Acobas\Downloads\UnderlightVC6\Underlight\Gamemaster\CL.write.1.tlog
C:\USERS\MICHAEL ACOBAS\DOWNLOADS\UNDERLIGHTVC6\UNDERLIGHT\GAMEMASTER\CLEVEL.OBJ
C:\USERS\MICHAEL ACOBAS\DOWNLOADS\UNDERLIGHTVC6\UNDERLIGHT\GAMEMASTER\CLIST.OBJ
C:\USERS\MICHAEL ACOBAS\DOWNLOADS\UNDERLIGHTVC6\UNDERLIGHT\GAMEMASTER\CMISSILE.OBJ
C:\USERS\MICHAEL ACOBAS\DOWNLOADS\UNDERLIGHTVC6\UNDERLIGHT\GAMEMASTER\CNAMETAG.OBJ
C:\USERS\MICHAEL ACOBAS\DOWNLOADS\UNDERLIGHTVC6\UNDERLIGHT\GAMEMASTER\CNEIGHBOR.OBJ
C:\USERS\MICHAEL ACOBAS\DOWNLOADS\UNDERLIGHTVC6\UNDERLIGHT\GAMEMASTER\CORNAMENT.OBJ
C:\USERS\MICHAEL ACOBAS\DOWNLOADS\UNDERLIGHTVC6\UNDERLIGHT\GAMEMASTER\COUTPUT.OBJ
C:\USERS\MICHAEL ACOBAS\DOWNLOADS\UNDERLIGHTVC6\UNDERLIGHT\GAMEMASTER\CPALETTES.OBJ
C:\USERS\MICHAEL ACOBAS\DOWNLOADS\UNDERLIGHTVC6\UNDERLIGHT\GAMEMASTER\CPARTY.OBJ
C:\USERS\MICHAEL ACOBAS\DOWNLOADS\UNDERLIGHTVC6\UNDERLIGHT\GAMEMASTER\CPLAYER.OBJ
C:\USERS\MICHAEL ACOBAS\DOWNLOADS\UNDERLIGHTVC6\UNDERLIGHT\GAMEMASTER\CPOSTGOAL.OBJ
C:\USERS\MICHAEL ACOBAS\DOWNLOADS\UNDERLIGHTVC6\UNDERLIGHT\GAMEMASTER\CPOSTQUEST.OBJ
C:\USERS\MICHAEL ACOBAS\DOWNLOADS\UNDERLIGHTVC6\UNDERLIGHT\GAMEMASTER\CQUESTBUILDER.OBJ
C:\USERS\MICHAEL ACOBAS\DOWNLOADS\UNDERLIGHTVC6\UNDERLIGHT\GAMEMASTER\CREADGOAL.OBJ
C:\USERS\MICHAEL ACOBAS\DOWNLOADS\UNDERLIGHTVC6\UNDERLIGHT\GAMEMASTER\CREADQUEST.OBJ
C:\USERS\MICHAEL ACOBAS\DOWNLOADS\UNDERLIGHTVC6\UNDERLIGHT\GAMEMASTER\CREADREPORT.OBJ
C:\USERS\MICHAEL ACOBAS\DOWNLOADS\UNDERLIGHTVC6\UNDERLIGHT\GAMEMASTER\CREATEFRAME.OBJ
C:\USERS\MICHAEL ACOBAS\DOWNLOADS\UNDERLIGHTVC6\UNDERLIGHT\GAMEMASTER\CREPORTGOAL.OBJ
C:\USERS\MICHAEL ACOBAS\DOWNLOADS\UNDERLIGHTVC6\UNDERLIGHT\GAMEMASTER\CREVIEWGOALS.OBJ
C:\USERS\MICHAEL ACOBAS\DOWNLOADS\UNDERLIGHTVC6\UNDERLIGHT\GAMEMASTER\CSENDING.OBJ
C:\USERS\MICHAEL ACOBAS\DOWNLOADS\UNDERLIGHTVC6\UNDERLIGHT\GAMEMASTER\DEBUG.OBJ
C:\USERS\MICHAEL ACOBAS\DOWNLOADS\UNDERLIGHTVC6\UNDERLIGHT\GAMEMASTER\DIALOGS.OBJ
C:\USERS\MICHAEL ACOBAS\DOWNLOADS\UNDERLIGHTVC6\UNDERLIGHT\GAMEMASTER\GM-UNDERLIGHT.MAP
C:\USERS\MICHAEL ACOBAS\DOWNLOADS\UNDERLIGHTVC6\UNDERLIGHT\GAMEMASTER\INTERFACE.OBJ
C:\USERS\MICHAEL ACOBAS\DOWNLOADS\UNDERLIGHTVC6\UNDERLIGHT\GAMEMASTER\KEYBOARD.OBJ
C:\USERS\MICHAEL ACOBAS\DOWNLOADS\UNDERLIGHTVC6\UNDERLIGHT\GAMEMASTER\LANGUAGEFILTER.OBJ
C:\USERS\MICHAEL ACOBAS\DOWNLOADS\UNDERLIGHTVC6\UNDERLIGHT\GAMEMASTER\LEVELROOMNAMES.OBJ
C:\Users\Michael Acobas\Downloads\UnderlightVC6\Underlight\Gamemaster\link.command.1.tlog
C:\Users\Michael Acobas\Downloads\UnderlightVC6\Underlight\Gamemaster\link.read.1.tlog
C:\Users\Michael Acobas\Downloads\UnderlightVC6\Underlight\Gamemaster\link.write.1.tlog
C:\Users\Michael Acobas\Downloads\UnderlightVC6\Underlight\Gamemaster\link-cvtres.read.1.tlog
C:\Users\Michael Acobas\Downloads\UnderlightVC6\Underlight\Gamemaster\link-cvtres.write.1.tlog
C:\USERS\MICHAEL ACOBAS\DOWNLOADS\UNDERLIGHTVC6\UNDERLIGHT\GAMEMASTER\LOGINOPTIONS.OBJ
C:\USERS\MICHAEL ACOBAS\DOWNLOADS\UNDERLIGHTVC6\UNDERLIGHT\GAMEMASTER\MAIN.OBJ
C:\USERS\MICHAEL ACOBAS\DOWNLOADS\UNDERLIGHTVC6\UNDERLIGHT\GAMEMASTER\MOUSE.OBJ
C:\USERS\MICHAEL ACOBAS\DOWNLOADS\UNDERLIGHTVC6\UNDERLIGHT\GAMEMASTER\MOVE.OBJ
C:\Users\Michael Acobas\Downloads\UnderlightVC6\Underlight\Gamemaster\mt.command.1.tlog
C:\Users\Michael Acobas\Downloads\UnderlightVC6\Underlight\Gamemaster\mt.read.1.tlog
C:\Users\Michael Acobas\Downloads\UnderlightVC6\Underlight\Gamemaster\mt.write.1.tlog
C:\USERS\MICHAEL ACOBAS\DOWNLOADS\UNDERLIGHTVC6\UNDERLIGHT\GAMEMASTER\OPTIONS.OBJ
C:\Users\Michael Acobas\Downloads\UnderlightVC6\Underlight\Gamemaster\rc.command.1.tlog
C:\Users\Michael Acobas\Downloads\UnderlightVC6\Underlight\Gamemaster\rc.read.1.tlog
C:\Users\Michael Acobas\Downloads\UnderlightVC6\Underlight\Gamemaster\rc.write.1.tlog
C:\USERS\MICHAEL ACOBAS\DOWNLOADS\UNDERLIGHTVC6\UNDERLIGHT\GAMEMASTER\REALM.OBJ
C:\USERS\MICHAEL ACOBAS\DOWNLOADS\UNDERLIGHTVC6\UNDERLIGHT\GAMEMASTER\RENDERACTOR.OBJ
C:\USERS\MICHAEL ACOBAS\DOWNLOADS\UNDERLIGHTVC6\UNDERLIGHT\GAMEMASTER\RENDERVIEW.OBJ
C:\USERS\MICHAEL ACOBAS\DOWNLOADS\UNDERLIGHTVC6\UNDERLIGHT\GAMEMASTER\RLE.OBJ
C:\USERS\MICHAEL ACOBAS\DOWNLOADS\UNDERLIGHTVC6\UNDERLIGHT\GAMEMASTER\SECURE.OBJ
C:\USERS\MICHAEL ACOBAS\DOWNLOADS\UNDERLIGHTVC6\UNDERLIGHT\GAMEMASTER\UNDERLIGHT.EXE.INTERMEDIATE.MANIFEST
C:\USERS\MICHAEL ACOBAS\DOWNLOADS\UNDERLIGHTVC6\UNDERLIGHT\GAMEMASTER\UNDERLIGHT.PDB
C:\USERS\MICHAEL ACOBAS\DOWNLOADS\UNDERLIGHTVC6\UNDERLIGHT\GAMEMASTER\UNDERLIGHT.RES
C:\Users\Michael Acobas\Downloads\UnderlightVC6\Underlight\Gamemaster\Underlight.write.1.tlog
C:\USERS\MICHAEL ACOBAS\DOWNLOADS\UNDERLIGHTVC6\UNDERLIGHT\GAMEMASTER\UTILS.OBJ
C:\USERS\MICHAEL ACOBAS\DOWNLOADS\UNDERLIGHTVC6\UNDERLIGHT\GAMEMASTER\VC100.PDB
