.\Master\Underlight.pdb
C:\LYRA\DEV\UNDERLIGHT.EXE
C:\Users\Michael Acobas\Downloads\UnderlightVC6\Underlight\.\Master\Underlight.exe.intermediate.manifest
C:\Users\Michael Acobas\Downloads\UnderlightVC6\Underlight\Master\BscMake.command.1.tlog
C:\Users\Michael Acobas\Downloads\UnderlightVC6\Underlight\Master\bscmake.read.1.tlog
C:\Users\Michael Acobas\Downloads\UnderlightVC6\Underlight\Master\bscmake.write.1.tlog
C:\USERS\MICHAEL ACOBAS\DOWNLOADS\UNDERLIGHTVC6\UNDERLIGHT\MASTER\BUILDVIEW.OBJ
C:\USERS\MICHAEL ACOBAS\DOWNLOADS\UNDERLIGHTVC6\UNDERLIGHT\MASTER\BUILDVIEW.SBR
C:\USERS\MICHAEL ACOBAS\DOWNLOADS\UNDERLIGHTVC6\UNDERLIGHT\MASTER\CACTOR.OBJ
C:\USERS\MICHAEL ACOBAS\DOWNLOADS\UNDERLIGHTVC6\UNDERLIGHT\MASTER\CACTOR.SBR
C:\USERS\MICHAEL ACOBAS\DOWNLOADS\UNDERLIGHTVC6\UNDERLIGHT\MASTER\CACTORLIST.OBJ
C:\USERS\MICHAEL ACOBAS\DOWNLOADS\UNDERLIGHTVC6\UNDERLIGHT\MASTER\CACTORLIST.SBR
C:\USERS\MICHAEL ACOBAS\DOWNLOADS\UNDERLIGHTVC6\UNDERLIGHT\MASTER\CAGENTBOX.OBJ
C:\USERS\MICHAEL ACOBAS\DOWNLOADS\UNDERLIGHTVC6\UNDERLIGHT\MASTER\CAGENTBOX.SBR
C:\USERS\MICHAEL ACOBAS\DOWNLOADS\UNDERLIGHTVC6\UNDERLIGHT\MASTER\CAGENTSERVER.OBJ
C:\USERS\MICHAEL ACOBAS\DOWNLOADS\UNDERLIGHTVC6\UNDERLIGHT\MASTER\CAGENTSERVER.SBR
C:\USERS\MICHAEL ACOBAS\DOWNLOADS\UNDERLIGHTVC6\UNDERLIGHT\MASTER\CAI.OBJ
C:\USERS\MICHAEL ACOBAS\DOWNLOADS\UNDERLIGHTVC6\UNDERLIGHT\MASTER\CAI.SBR
C:\USERS\MICHAEL ACOBAS\DOWNLOADS\UNDERLIGHTVC6\UNDERLIGHT\MASTER\CARTS.OBJ
C:\USERS\MICHAEL ACOBAS\DOWNLOADS\UNDERLIGHTVC6\UNDERLIGHT\MASTER\CARTS.SBR
C:\USERS\MICHAEL ACOBAS\DOWNLOADS\UNDERLIGHTVC6\UNDERLIGHT\MASTER\CBANNER.OBJ
C:\USERS\MICHAEL ACOBAS\DOWNLOADS\UNDERLIGHTVC6\UNDERLIGHT\MASTER\CBANNER.SBR
C:\USERS\MICHAEL ACOBAS\DOWNLOADS\UNDERLIGHTVC6\UNDERLIGHT\MASTER\CBOX.OBJ
C:\USERS\MICHAEL ACOBAS\DOWNLOADS\UNDERLIGHTVC6\UNDERLIGHT\MASTER\CBOX.SBR
C:\USERS\MICHAEL ACOBAS\DOWNLOADS\UNDERLIGHTVC6\UNDERLIGHT\MASTER\CCHAT.OBJ
C:\USERS\MICHAEL ACOBAS\DOWNLOADS\UNDERLIGHTVC6\UNDERLIGHT\MASTER\CCHAT.SBR
C:\USERS\MICHAEL ACOBAS\DOWNLOADS\UNDERLIGHTVC6\UNDERLIGHT\MASTER\CCONTROLPANEL.OBJ
C:\USERS\MICHAEL ACOBAS\DOWNLOADS\UNDERLIGHTVC6\UNDERLIGHT\MASTER\CCONTROLPANEL.SBR
C:\USERS\MICHAEL ACOBAS\DOWNLOADS\UNDERLIGHTVC6\UNDERLIGHT\MASTER\CDDRAW.OBJ
C:\USERS\MICHAEL ACOBAS\DOWNLOADS\UNDERLIGHTVC6\UNDERLIGHT\MASTER\CDDRAW.SBR
C:\USERS\MICHAEL ACOBAS\DOWNLOADS\UNDERLIGHTVC6\UNDERLIGHT\MASTER\CDETAILGOAL.OBJ
C:\USERS\MICHAEL ACOBAS\DOWNLOADS\UNDERLIGHTVC6\UNDERLIGHT\MASTER\CDETAILGOAL.SBR
C:\USERS\MICHAEL ACOBAS\DOWNLOADS\UNDERLIGHTVC6\UNDERLIGHT\MASTER\CDETAILQUEST.OBJ
C:\USERS\MICHAEL ACOBAS\DOWNLOADS\UNDERLIGHTVC6\UNDERLIGHT\MASTER\CDETAILQUEST.SBR
C:\USERS\MICHAEL ACOBAS\DOWNLOADS\UNDERLIGHTVC6\UNDERLIGHT\MASTER\CDSOUND.OBJ
C:\USERS\MICHAEL ACOBAS\DOWNLOADS\UNDERLIGHTVC6\UNDERLIGHT\MASTER\CDSOUND.SBR
C:\USERS\MICHAEL ACOBAS\DOWNLOADS\UNDERLIGHTVC6\UNDERLIGHT\MASTER\CEFFECTS.OBJ
C:\USERS\MICHAEL ACOBAS\DOWNLOADS\UNDERLIGHTVC6\UNDERLIGHT\MASTER\CEFFECTS.SBR
C:\USERS\MICHAEL ACOBAS\DOWNLOADS\UNDERLIGHTVC6\UNDERLIGHT\MASTER\CGAMESERVER.OBJ
C:\USERS\MICHAEL ACOBAS\DOWNLOADS\UNDERLIGHTVC6\UNDERLIGHT\MASTER\CGAMESERVER.SBR
C:\USERS\MICHAEL ACOBAS\DOWNLOADS\UNDERLIGHTVC6\UNDERLIGHT\MASTER\CGIF.OBJ
C:\USERS\MICHAEL ACOBAS\DOWNLOADS\UNDERLIGHTVC6\UNDERLIGHT\MASTER\CGIF.SBR
C:\USERS\MICHAEL ACOBAS\DOWNLOADS\UNDERLIGHTVC6\UNDERLIGHT\MASTER\CGOALBOOK.OBJ
C:\USERS\MICHAEL ACOBAS\DOWNLOADS\UNDERLIGHTVC6\UNDERLIGHT\MASTER\CGOALBOOK.SBR
C:\USERS\MICHAEL ACOBAS\DOWNLOADS\UNDERLIGHTVC6\UNDERLIGHT\MASTER\CGOALPOSTING.OBJ
C:\USERS\MICHAEL ACOBAS\DOWNLOADS\UNDERLIGHTVC6\UNDERLIGHT\MASTER\CGOALPOSTING.SBR
C:\USERS\MICHAEL ACOBAS\DOWNLOADS\UNDERLIGHTVC6\UNDERLIGHT\MASTER\CGOALQUESTPROCS.OBJ
C:\USERS\MICHAEL ACOBAS\DOWNLOADS\UNDERLIGHTVC6\UNDERLIGHT\MASTER\CGOALQUESTPROCS.SBR
C:\USERS\MICHAEL ACOBAS\DOWNLOADS\UNDERLIGHTVC6\UNDERLIGHT\MASTER\CITEM.OBJ
C:\USERS\MICHAEL ACOBAS\DOWNLOADS\UNDERLIGHTVC6\UNDERLIGHT\MASTER\CITEM.SBR
C:\USERS\MICHAEL ACOBAS\DOWNLOADS\UNDERLIGHTVC6\UNDERLIGHT\MASTER\CKEYMAP.OBJ
C:\USERS\MICHAEL ACOBAS\DOWNLOADS\UNDERLIGHTVC6\UNDERLIGHT\MASTER\CKEYMAP.SBR
C:\Users\Michael Acobas\Downloads\UnderlightVC6\Underlight\Master\cl.command.1.tlog
C:\Users\Michael Acobas\Downloads\UnderlightVC6\Underlight\Master\CL.read.1.tlog
C:\Users\Michael Acobas\Downloads\UnderlightVC6\Underlight\Master\CL.write.1.tlog
C:\USERS\MICHAEL ACOBAS\DOWNLOADS\UNDERLIGHTVC6\UNDERLIGHT\MASTER\CLEVEL.OBJ
C:\USERS\MICHAEL ACOBAS\DOWNLOADS\UNDERLIGHTVC6\UNDERLIGHT\MASTER\CLEVEL.SBR
C:\USERS\MICHAEL ACOBAS\DOWNLOADS\UNDERLIGHTVC6\UNDERLIGHT\MASTER\CLIST.OBJ
C:\USERS\MICHAEL ACOBAS\DOWNLOADS\UNDERLIGHTVC6\UNDERLIGHT\MASTER\CLIST.SBR
C:\USERS\MICHAEL ACOBAS\DOWNLOADS\UNDERLIGHTVC6\UNDERLIGHT\MASTER\CMISSILE.OBJ
C:\USERS\MICHAEL ACOBAS\DOWNLOADS\UNDERLIGHTVC6\UNDERLIGHT\MASTER\CMISSILE.SBR
C:\USERS\MICHAEL ACOBAS\DOWNLOADS\UNDERLIGHTVC6\UNDERLIGHT\MASTER\CNAMETAG.OBJ
C:\USERS\MICHAEL ACOBAS\DOWNLOADS\UNDERLIGHTVC6\UNDERLIGHT\MASTER\CNAMETAG.SBR
C:\USERS\MICHAEL ACOBAS\DOWNLOADS\UNDERLIGHTVC6\UNDERLIGHT\MASTER\CNEIGHBOR.OBJ
C:\USERS\MICHAEL ACOBAS\DOWNLOADS\UNDERLIGHTVC6\UNDERLIGHT\MASTER\CNEIGHBOR.SBR
C:\USERS\MICHAEL ACOBAS\DOWNLOADS\UNDERLIGHTVC6\UNDERLIGHT\MASTER\CORNAMENT.OBJ
C:\USERS\MICHAEL ACOBAS\DOWNLOADS\UNDERLIGHTVC6\UNDERLIGHT\MASTER\CORNAMENT.SBR
C:\USERS\MICHAEL ACOBAS\DOWNLOADS\UNDERLIGHTVC6\UNDERLIGHT\MASTER\COUTPUT.OBJ
C:\USERS\MICHAEL ACOBAS\DOWNLOADS\UNDERLIGHTVC6\UNDERLIGHT\MASTER\COUTPUT.SBR
C:\USERS\MICHAEL ACOBAS\DOWNLOADS\UNDERLIGHTVC6\UNDERLIGHT\MASTER\CPALETTES.OBJ
C:\USERS\MICHAEL ACOBAS\DOWNLOADS\UNDERLIGHTVC6\UNDERLIGHT\MASTER\CPALETTES.SBR
C:\USERS\MICHAEL ACOBAS\DOWNLOADS\UNDERLIGHTVC6\UNDERLIGHT\MASTER\CPARTY.OBJ
C:\USERS\MICHAEL ACOBAS\DOWNLOADS\UNDERLIGHTVC6\UNDERLIGHT\MASTER\CPARTY.SBR
C:\USERS\MICHAEL ACOBAS\DOWNLOADS\UNDERLIGHTVC6\UNDERLIGHT\MASTER\CPLAYER.OBJ
C:\USERS\MICHAEL ACOBAS\DOWNLOADS\UNDERLIGHTVC6\UNDERLIGHT\MASTER\CPLAYER.SBR
C:\USERS\MICHAEL ACOBAS\DOWNLOADS\UNDERLIGHTVC6\UNDERLIGHT\MASTER\CPOSTGOAL.OBJ
C:\USERS\MICHAEL ACOBAS\DOWNLOADS\UNDERLIGHTVC6\UNDERLIGHT\MASTER\CPOSTGOAL.SBR
C:\USERS\MICHAEL ACOBAS\DOWNLOADS\UNDERLIGHTVC6\UNDERLIGHT\MASTER\CPOSTQUEST.OBJ
C:\USERS\MICHAEL ACOBAS\DOWNLOADS\UNDERLIGHTVC6\UNDERLIGHT\MASTER\CPOSTQUEST.SBR
C:\USERS\MICHAEL ACOBAS\DOWNLOADS\UNDERLIGHTVC6\UNDERLIGHT\MASTER\CQUESTBUILDER.OBJ
C:\USERS\MICHAEL ACOBAS\DOWNLOADS\UNDERLIGHTVC6\UNDERLIGHT\MASTER\CQUESTBUILDER.SBR
C:\USERS\MICHAEL ACOBAS\DOWNLOADS\UNDERLIGHTVC6\UNDERLIGHT\MASTER\CREADGOAL.OBJ
C:\USERS\MICHAEL ACOBAS\DOWNLOADS\UNDERLIGHTVC6\UNDERLIGHT\MASTER\CREADGOAL.SBR
C:\USERS\MICHAEL ACOBAS\DOWNLOADS\UNDERLIGHTVC6\UNDERLIGHT\MASTER\CREADQUEST.OBJ
C:\USERS\MICHAEL ACOBAS\DOWNLOADS\UNDERLIGHTVC6\UNDERLIGHT\MASTER\CREADQUEST.SBR
C:\USERS\MICHAEL ACOBAS\DOWNLOADS\UNDERLIGHTVC6\UNDERLIGHT\MASTER\CREADREPORT.OBJ
C:\USERS\MICHAEL ACOBAS\DOWNLOADS\UNDERLIGHTVC6\UNDERLIGHT\MASTER\CREADREPORT.SBR
C:\USERS\MICHAEL ACOBAS\DOWNLOADS\UNDERLIGHTVC6\UNDERLIGHT\MASTER\CREATEFRAME.OBJ
C:\USERS\MICHAEL ACOBAS\DOWNLOADS\UNDERLIGHTVC6\UNDERLIGHT\MASTER\CREATEFRAME.SBR
C:\USERS\MICHAEL ACOBAS\DOWNLOADS\UNDERLIGHTVC6\UNDERLIGHT\MASTER\CREPORTGOAL.OBJ
C:\USERS\MICHAEL ACOBAS\DOWNLOADS\UNDERLIGHTVC6\UNDERLIGHT\MASTER\CREPORTGOAL.SBR
C:\USERS\MICHAEL ACOBAS\DOWNLOADS\UNDERLIGHTVC6\UNDERLIGHT\MASTER\CREVIEWGOALS.OBJ
C:\USERS\MICHAEL ACOBAS\DOWNLOADS\UNDERLIGHTVC6\UNDERLIGHT\MASTER\CREVIEWGOALS.SBR
C:\USERS\MICHAEL ACOBAS\DOWNLOADS\UNDERLIGHTVC6\UNDERLIGHT\MASTER\CSENDING.OBJ
C:\USERS\MICHAEL ACOBAS\DOWNLOADS\UNDERLIGHTVC6\UNDERLIGHT\MASTER\CSENDING.SBR
C:\USERS\MICHAEL ACOBAS\DOWNLOADS\UNDERLIGHTVC6\UNDERLIGHT\MASTER\DEBUG.OBJ
C:\USERS\MICHAEL ACOBAS\DOWNLOADS\UNDERLIGHTVC6\UNDERLIGHT\MASTER\DEBUG.SBR
C:\USERS\MICHAEL ACOBAS\DOWNLOADS\UNDERLIGHTVC6\UNDERLIGHT\MASTER\DIALOGS.OBJ
C:\USERS\MICHAEL ACOBAS\DOWNLOADS\UNDERLIGHTVC6\UNDERLIGHT\MASTER\DIALOGS.SBR
C:\USERS\MICHAEL ACOBAS\DOWNLOADS\UNDERLIGHTVC6\UNDERLIGHT\MASTER\INTERFACE.OBJ
C:\USERS\MICHAEL ACOBAS\DOWNLOADS\UNDERLIGHTVC6\UNDERLIGHT\MASTER\INTERFACE.SBR
C:\USERS\MICHAEL ACOBAS\DOWNLOADS\UNDERLIGHTVC6\UNDERLIGHT\MASTER\KEYBOARD.OBJ
C:\USERS\MICHAEL ACOBAS\DOWNLOADS\UNDERLIGHTVC6\UNDERLIGHT\MASTER\KEYBOARD.SBR
C:\USERS\MICHAEL ACOBAS\DOWNLOADS\UNDERLIGHTVC6\UNDERLIGHT\MASTER\LANGUAGEFILTER.OBJ
C:\USERS\MICHAEL ACOBAS\DOWNLOADS\UNDERLIGHTVC6\UNDERLIGHT\MASTER\LANGUAGEFILTER.SBR
C:\USERS\MICHAEL ACOBAS\DOWNLOADS\UNDERLIGHTVC6\UNDERLIGHT\MASTER\LEVELROOMNAMES.OBJ
C:\USERS\MICHAEL ACOBAS\DOWNLOADS\UNDERLIGHTVC6\UNDERLIGHT\MASTER\LEVELROOMNAMES.SBR
C:\Users\Michael Acobas\Downloads\UnderlightVC6\Underlight\Master\link.command.1.tlog
C:\Users\Michael Acobas\Downloads\UnderlightVC6\Underlight\Master\link.read.1.tlog
C:\Users\Michael Acobas\Downloads\UnderlightVC6\Underlight\Master\link.write.1.tlog
C:\Users\Michael Acobas\Downloads\UnderlightVC6\Underlight\Master\link-cvtres.read.1.tlog
C:\Users\Michael Acobas\Downloads\UnderlightVC6\Underlight\Master\link-cvtres.write.1.tlog
C:\USERS\MICHAEL ACOBAS\DOWNLOADS\UNDERLIGHTVC6\UNDERLIGHT\MASTER\LOGINOPTIONS.OBJ
C:\USERS\MICHAEL ACOBAS\DOWNLOADS\UNDERLIGHTVC6\UNDERLIGHT\MASTER\LOGINOPTIONS.SBR
C:\USERS\MICHAEL ACOBAS\DOWNLOADS\UNDERLIGHTVC6\UNDERLIGHT\MASTER\MAIN.OBJ
C:\USERS\MICHAEL ACOBAS\DOWNLOADS\UNDERLIGHTVC6\UNDERLIGHT\MASTER\MAIN.SBR
C:\USERS\MICHAEL ACOBAS\DOWNLOADS\UNDERLIGHTVC6\UNDERLIGHT\MASTER\MOUSE.OBJ
C:\USERS\MICHAEL ACOBAS\DOWNLOADS\UNDERLIGHTVC6\UNDERLIGHT\MASTER\MOUSE.SBR
C:\USERS\MICHAEL ACOBAS\DOWNLOADS\UNDERLIGHTVC6\UNDERLIGHT\MASTER\MOVE.OBJ
C:\USERS\MICHAEL ACOBAS\DOWNLOADS\UNDERLIGHTVC6\UNDERLIGHT\MASTER\MOVE.SBR
C:\Users\Michael Acobas\Downloads\UnderlightVC6\Underlight\Master\mt.command.1.tlog
C:\Users\Michael Acobas\Downloads\UnderlightVC6\Underlight\Master\mt.read.1.tlog
C:\Users\Michael Acobas\Downloads\UnderlightVC6\Underlight\Master\mt.write.1.tlog
C:\USERS\MICHAEL ACOBAS\DOWNLOADS\UNDERLIGHTVC6\UNDERLIGHT\MASTER\OPTIONS.OBJ
C:\USERS\MICHAEL ACOBAS\DOWNLOADS\UNDERLIGHTVC6\UNDERLIGHT\MASTER\OPTIONS.SBR
C:\Users\Michael Acobas\Downloads\UnderlightVC6\Underlight\Master\rc.command.1.tlog
C:\Users\Michael Acobas\Downloads\UnderlightVC6\Underlight\Master\rc.read.1.tlog
C:\Users\Michael Acobas\Downloads\UnderlightVC6\Underlight\Master\rc.write.1.tlog
C:\USERS\MICHAEL ACOBAS\DOWNLOADS\UNDERLIGHTVC6\UNDERLIGHT\MASTER\REALM.OBJ
C:\USERS\MICHAEL ACOBAS\DOWNLOADS\UNDERLIGHTVC6\UNDERLIGHT\MASTER\REALM.SBR
C:\USERS\MICHAEL ACOBAS\DOWNLOADS\UNDERLIGHTVC6\UNDERLIGHT\MASTER\RENDERACTOR.OBJ
C:\USERS\MICHAEL ACOBAS\DOWNLOADS\UNDERLIGHTVC6\UNDERLIGHT\MASTER\RENDERACTOR.SBR
C:\USERS\MICHAEL ACOBAS\DOWNLOADS\UNDERLIGHTVC6\UNDERLIGHT\MASTER\RENDERVIEW.OBJ
C:\USERS\MICHAEL ACOBAS\DOWNLOADS\UNDERLIGHTVC6\UNDERLIGHT\MASTER\RENDERVIEW.SBR
C:\USERS\MICHAEL ACOBAS\DOWNLOADS\UNDERLIGHTVC6\UNDERLIGHT\MASTER\RLE.OBJ
C:\USERS\MICHAEL ACOBAS\DOWNLOADS\UNDERLIGHTVC6\UNDERLIGHT\MASTER\RLE.SBR
C:\USERS\MICHAEL ACOBAS\DOWNLOADS\UNDERLIGHTVC6\UNDERLIGHT\MASTER\SECURE.OBJ
C:\USERS\MICHAEL ACOBAS\DOWNLOADS\UNDERLIGHTVC6\UNDERLIGHT\MASTER\SECURE.SBR
C:\USERS\MICHAEL ACOBAS\DOWNLOADS\UNDERLIGHTVC6\UNDERLIGHT\MASTER\UNDERLIGHT.EXE.INTERMEDIATE.MANIFEST
C:\USERS\MICHAEL ACOBAS\DOWNLOADS\UNDERLIGHTVC6\UNDERLIGHT\MASTER\UNDERLIGHT.MAP
C:\USERS\MICHAEL ACOBAS\DOWNLOADS\UNDERLIGHTVC6\UNDERLIGHT\MASTER\UNDERLIGHT.PDB
C:\USERS\MICHAEL ACOBAS\DOWNLOADS\UNDERLIGHTVC6\UNDERLIGHT\MASTER\UNDERLIGHT.RES
C:\Users\Michael Acobas\Downloads\UnderlightVC6\Underlight\Master\Underlight.write.1.tlog
C:\USERS\MICHAEL ACOBAS\DOWNLOADS\UNDERLIGHTVC6\UNDERLIGHT\MASTER\UTILS.OBJ
C:\USERS\MICHAEL ACOBAS\DOWNLOADS\UNDERLIGHTVC6\UNDERLIGHT\MASTER\UTILS.SBR
C:\USERS\MICHAEL ACOBAS\DOWNLOADS\UNDERLIGHTVC6\UNDERLIGHT\MASTER\VC100.PDB
C:\USERS\MICHAEL ACOBAS\DOWNLOADS\UNDERLIGHTVC6\UNDERLIGHT\UNDERLIGHT.BSC
