Build started 6/15/2014 9:43:42 PM.
     1>Project "C:\Users\Administrator\UnderlightSource\ULClient\Underlight\Underlight.vcxproj" on node 2 (build target(s)).
     1>InitializeBuildStatus:
         Creating ".\Master\Underlight.unsuccessfulbuild" because "AlwaysCreate" was specified.
       ClCompile:
         c:\Program Files (x86)\Microsoft Visual Studio 10.0\VC\bin\CL.exe /c /I..\OggVorbis\include /I..\MessageMaker /I..\AgentMessages /I..\AgentSvr /I..\Underlight /I..\DXSDK\SDK\inc /I..\RWSDK\inc /Zi /nologo /W3 /WX- /O1 /Ob1 /Oy- /D NDEBUG /D UL_MASTER /D GAME_CLI /D WIN32 /D _WINDOWS /D USE_INLINE /D ENGLISH /D _VC80_UPGRADE=0x0600 /D _CRT_SECURE_NO_WARNINGS /GF /Gm- /EHsc /MT /GS /Gy /fp:precise /Zc:wchar_t /Zc:forScope /Fo".\Master/" /Fd".\Master/vc100.pdb" /FR".\Master/" /Gr /TP /analyze- /errorReport:prompt cAI.cpp
         cAI.cpp
     1>cAI.cpp(145): error C2065: 'agent_info' : undeclared identifier
     1>cAI.cpp(145): error C2228: left of '.gs_ptr' must have class/struct/union
     1>cAI.cpp(145): error C2227: left of '->LoggedIntoGame' must point to class/struct/union/generic type
     1>cAI.cpp(145): error C3861: 'AgentIndex': identifier not found
     1>cAI.cpp(146): error C2065: 'agent_info' : undeclared identifier
     1>cAI.cpp(146): error C2228: left of '.type' must have class/struct/union
     1>cAI.cpp(146): error C3861: 'AgentIndex': identifier not found
     1>cAI.cpp(148): error C2065: 'agent_info' : undeclared identifier
     1>cAI.cpp(148): error C2228: left of '.name' must have class/struct/union
     1>cAI.cpp(148): error C3861: 'AgentIndex': identifier not found
     1>cAI.cpp(157): error C2065: 'agent_info' : undeclared identifier
     1>cAI.cpp(157): error C2228: left of '.passwd' must have class/struct/union
     1>cAI.cpp(157): error C3861: 'AgentIndex': identifier not found
     1>cAI.cpp(185): error C2065: 'agent_info' : undeclared identifier
     1>cAI.cpp(185): error C2228: left of '.color' must have class/struct/union
     1>cAI.cpp(185): error C3861: 'AgentIndex': identifier not found
     1>cAI.cpp(289): error C2065: 'agent_info' : undeclared identifier
     1>cAI.cpp(289): error C2228: left of '.actors_ptr' must have class/struct/union
     1>cAI.cpp(289): error C2227: left of '->IterateNeighbors' must point to class/struct/union/generic type
     1>cAI.cpp(289): error C3861: 'AgentIndex': identifier not found
     1>cAI.cpp(289): error C2065: 'agent_info' : undeclared identifier
     1>cAI.cpp(289): error C2228: left of '.actors_ptr' must have class/struct/union
     1>cAI.cpp(289): error C2227: left of '->IterateNeighbors' must point to class/struct/union/generic type
     1>cAI.cpp(289): error C3861: 'AgentIndex': identifier not found
     1>cAI.cpp(311): error C2065: 'agent_info' : undeclared identifier
     1>cAI.cpp(311): error C2228: left of '.actors_ptr' must have class/struct/union
     1>cAI.cpp(311): error C2227: left of '->IterateNeighbors' must point to class/struct/union/generic type
     1>cAI.cpp(311): error C3861: 'AgentIndex': identifier not found
     1>cAI.cpp(322): error C2065: 'player' : undeclared identifier
     1>cAI.cpp(322): error C2227: left of '->DetermineAlone' must point to class/struct/union/generic type
                 type is ''unknown-type''
     1>cAI.cpp(338): error C2065: 'agent_info' : undeclared identifier
     1>cAI.cpp(338): error C2228: left of '.gs_ptr' must have class/struct/union
     1>cAI.cpp(338): error C2227: left of '->LoggedIntoLevel' must point to class/struct/union/generic type
     1>cAI.cpp(338): error C3861: 'AgentIndex': identifier not found
     1>cAI.cpp(353): error C2065: 'agent_info' : undeclared identifier
     1>cAI.cpp(353): error C2228: left of '.gs_ptr' must have class/struct/union
     1>cAI.cpp(353): error C2227: left of '->LoggedIntoGame' must point to class/struct/union/generic type
     1>cAI.cpp(353): error C3861: 'AgentIndex': identifier not found
     1>cAI.cpp(361): error C3861: 'AgentIndex': identifier not found
     1>cAI.cpp(363): error C2065: 'agent_info' : undeclared identifier
     1>cAI.cpp(363): error C2228: left of '.gs_ptr' must have class/struct/union
     1>cAI.cpp(363): error C2227: left of '->FindRoomPopulations' must point to class/struct/union/generic type
     1>cAI.cpp(363): error C2065: 'agent_info' : undeclared identifier
     1>cAI.cpp(363): error C2228: left of '.level_ptr' must have class/struct/union
     1>cAI.cpp(363): error C2227: left of '->ID' must point to class/struct/union/generic type
     1>cAI.cpp(363): error C3861: 'AgentIndex': identifier not found
     1>cAI.cpp(363): error C3861: 'AgentIndex': identifier not found
     1>cAI.cpp(662): error C2065: 'agent_info' : undeclared identifier
     1>cAI.cpp(662): error C2228: left of '.gs_ptr' must have class/struct/union
     1>cAI.cpp(662): error C2227: left of '->SetJump' must point to class/struct/union/generic type
     1>cAI.cpp(662): error C3861: 'AgentIndex': identifier not found
     1>cAI.cpp(669): error C2065: 'agent_info' : undeclared identifier
     1>cAI.cpp(669): error C2228: left of '.timing_ptr' must have class/struct/union
     1>cAI.cpp(669): error C2227: left of '->nticks' must point to class/struct/union/generic type
     1>cAI.cpp(669): error C3861: 'AgentIndex': identifier not found
     1>cAI.cpp(728): error C2065: 'agent_info' : undeclared identifier
     1>cAI.cpp(728): error C2228: left of '.gs_ptr' must have class/struct/union
     1>cAI.cpp(728): error C2227: left of '->SetLastSound' must point to class/struct/union/generic type
     1>cAI.cpp(728): error C3861: 'AgentIndex': identifier not found
     1>cAI.cpp(840): error C2065: 'agent_info' : undeclared identifier
     1>cAI.cpp(840): error C2228: left of '.timing_ptr' must have class/struct/union
     1>cAI.cpp(840): error C2227: left of '->nticks' must point to class/struct/union/generic type
     1>cAI.cpp(840): error C3861: 'AgentIndex': identifier not found
     1>cAI.cpp(912): error C2065: 'player' : undeclared identifier
     1>cAI.cpp(912): error C2227: left of '->ID' must point to class/struct/union/generic type
                 type is ''unknown-type''
     1>cAI.cpp(1053): error C2065: 'agent_info' : undeclared identifier
     1>cAI.cpp(1053): error C2228: left of '.gs_ptr' must have class/struct/union
     1>cAI.cpp(1053): error C2227: left of '->LevelLogout' must point to class/struct/union/generic type
     1>cAI.cpp(1053): error C3861: 'AgentIndex': identifier not found
     1>cAI.cpp(1058): error C2065: 'agent_info' : undeclared identifier
     1>cAI.cpp(1058): error C2228: left of '.actors_ptr' must have class/struct/union
     1>cAI.cpp(1058): error C2227: left of '->LookUpNeighbor' must point to class/struct/union/generic type
     1>cAI.cpp(1058): error C3861: 'AgentIndex': identifier not found
     1>cAI.cpp(1118): error C3861: 'AgentIndex': identifier not found
     1>cAI.cpp(1129): error C2065: 'agent_info' : undeclared identifier
     1>cAI.cpp(1129): error C2228: left of '.actors_ptr' must have class/struct/union
     1>cAI.cpp(1129): error C2227: left of '->IterateActors' must point to class/struct/union/generic type
     1>cAI.cpp(1130): error C2065: 'agent_info' : undeclared identifier
     1>cAI.cpp(1130): error C2228: left of '.actors_ptr' must have class/struct/union
     1>cAI.cpp(1130): error C2227: left of '->IterateActors' must point to class/struct/union/generic type
     1>cAI.cpp(1141): error C2065: 'agent_info' : undeclared identifier
     1>cAI.cpp(1141): error C2228: left of '.actors_ptr' must have class/struct/union
     1>cAI.cpp(1141): error C2227: left of '->IterateActors' must point to class/struct/union/generic type
     1>cAI.cpp(1157): error C2065: 'agent_info' : undeclared identifier
     1>cAI.cpp(1157): error C2228: left of '.level_ptr' must have class/struct/union
     1>cAI.cpp(1157): error C2227: left of '->Sectors' must point to class/struct/union/generic type
     1>cAI.cpp(1157): error C2227: left of '->room' must point to class/struct/union/generic type
     1>cAI.cpp(1171): error C2065: 'agent_info' : undeclared identifier
     1>cAI.cpp(1171): error C2228: left of '.id' must have class/struct/union
     1>cAI.cpp(1212): error C2065: 'agent_info' : undeclared identifier
     1>cAI.cpp(1212): error C2228: left of '.name' must have class/struct/union
     1>cAI.cpp(1212): error C2065: 'agent_info' : undeclared identifier
     1>cAI.cpp(1212): error C2228: left of '.id' must have class/struct/union
     1>cAI.cpp(1213): error C2065: 'agent_info' : undeclared identifier
     1>cAI.cpp(1213): error C2228: left of '.level_ptr' must have class/struct/union
     1>cAI.cpp(1213): error C2227: left of '->Sectors' must point to class/struct/union/generic type
     1>cAI.cpp(1213): error C2227: left of '->room' must point to class/struct/union/generic type
     1>cAI.cpp(1216): error C2065: 'agent_info' : undeclared identifier
     1>cAI.cpp(1216): error C2228: left of '.gs_ptr' must have class/struct/union
     1>cAI.cpp(1216): error C2227: left of '->LevelLogin' must point to class/struct/union/generic type
     1>cAI.cpp(1333): error C2065: 'agent_info' : undeclared identifier
     1>cAI.cpp(1333): fatal error C1003: error count exceeds 100; stopping compilation
     1>Done Building Project "C:\Users\Administrator\UnderlightSource\ULClient\Underlight\Underlight.vcxproj" (build target(s)) -- FAILED.

Build FAILED.

Time Elapsed 00:00:02.16
