Build started 6/8/2014 2:45:30 PM.
     1>Project "C:\Users\Michael Acobas\ULClient_2014K18\ULClient\messagemaker\MessageMaker.vcxproj" on node 2 (build target(s)).
     1>InitializeBuildStatus:
         Creating ".\Debug\MessageMaker.unsuccessfulbuild" because "AlwaysCreate" was specified.
       ClCompile:
         c:\Program Files (x86)\Microsoft Visual Studio 10.0\VC\bin\CL.exe /c /I..\AgentMessages /I..\AgentSvr /I..\Underlight /I..\DXSDK\SDK\inc /I..\RWSDK\inc /Zi /nologo /W3 /WX- /Od /Oy- /D _DEBUG /D WIN32 /D _WINDOWS /D USE_INLINE /D _VC80_UPGRADE=0x0600 /Gm /EHsc /MTd /GS /fp:precise /Zc:wchar_t /Zc:forScope /Fo".\Debug/" /Fd".\Debug/vc100.pdb" /FR".\Debug\\" /Gr /TP /analyze- /errorReport:prompt GMsg_ChangeAvatar.cpp GMsg_GotoLevel.cpp GMsg_LoginAck.cpp GMsg_UpdateStats.cpp GMsg_UsePPoint.cpp LmArts.cpp LmAvatar.cpp LmItemDefs.cpp LmPeerUpdate.cpp LmStats.cpp RMsg_ChangeAvatar.cpp RMsg_EnterRoom.cpp RMsg_GotoRoom.cpp RMsg_JoinedParty.cpp RMsg_PartyInfo.cpp RMsg_PlayerMsg.cpp RMsg_PlayerUpdate.cpp RMsg_Update.cpp RmRemotePlayer.cpp
         GMsg_ChangeAvatar.cpp
         Generating Code...
         Compiling...
         GMsg_UsePPoint.cpp
         Generating Code...
         Skipping... (no relevant changes detected)
         RmRemotePlayer.cpp
         RMsg_Update.cpp
         RMsg_PlayerUpdate.cpp
         RMsg_PlayerMsg.cpp
         RMsg_PartyInfo.cpp
         RMsg_JoinedParty.cpp
         RMsg_GotoRoom.cpp
         RMsg_EnterRoom.cpp
         RMsg_ChangeAvatar.cpp
         LmStats.cpp
         LmPeerUpdate.cpp
         LmItemDefs.cpp
         LmAvatar.cpp
         LmArts.cpp
         GMsg_UpdateStats.cpp
         GMsg_LoginAck.cpp
         GMsg_GotoLevel.cpp
       Lib:
         c:\Program Files (x86)\Microsoft Visual Studio 10.0\VC\bin\Lib.exe /OUT:".\Debug\MessageMaker.lib" /NOLOGO .\Debug/AMsg_AgentInfo.obj
         .\Debug/AMsg_ControlAgent.obj
         .\Debug/AMsg_ControlAgentAck.obj
         .\Debug/AMsg_Login.obj
         .\Debug/AMsg_Loginack.obj
         .\Debug/AMsg_Logout.obj
         .\Debug/AMsg_PosessInfo.obj
         .\Debug/GMsg_AgentLogin.obj
         .\Debug/GMsg_ChangeAvatar.obj
         .\Debug/GMsg_ChangeStat.obj
         .\Debug/GMsg_CreateItem.obj
         .\Debug/GMsg_DestroyItem.obj
         .\Debug/GMsg_DestroyRoomItem.obj
         .\Debug/GMsg_Error.obj
         .\Debug/GMsg_GetGoalHdrs.obj
         .\Debug/GMsg_GetItem.obj
         .\Debug/GMsg_GetItemDescription.obj
         .\Debug/GMsg_GetLevelPlayers.obj
         .\Debug/GMsg_GetPlayerName.obj
         .\Debug/GMsg_GetReportHdrs.obj
         .\Debug/GMsg_GiveItem.obj
         .\Debug/GMsg_GiveItemAck.obj
         .\Debug/GMsg_Goal.obj
         .\Debug/GMsg_GotoLevel.obj
         .\Debug/GMsg_GrantPPoint.obj
         .\Debug/GMsg_ItemDescription.obj
         .\Debug/GMsg_ItemDrop.obj
         .\Debug/GMsg_ItemPickup.obj
         .\Debug/GMsg_LevelPlayers.obj
         .\Debug/GMsg_LocateAvatar.obj
         .\Debug/GMsg_LocateAvatarAck.obj
         .\Debug/GMsg_LocateMaresAck.obj
         .\Debug/GMsg_LocateNewliesAck.obj
         .\Debug/GMsg_Login.obj
         .\Debug/GMsg_LoginAck.obj
         .\Debug/GMsg_Logout.obj
         .\Debug/GMsg_Ping.obj
         .\Debug/GMsg_PostGoal.obj
         .\Debug/GMsg_PostReport.obj
         .\Debug/GMsg_PPointAck.obj
         .\Debug/GMsg_PreLogin.obj
         .\Debug/GMsg_PreLoginAck.obj
         .\Debug/GMsg_PutItem.obj
         .\Debug/GMsg_RcvGoalbookHdr.obj
         .\Debug/GMsg_RcvGoalDetails.obj
         .\Debug/GMsg_RcvGoalHdr.obj
         .\Debug/GMsg_RcvGoalText.obj
         .\Debug/GMsg_RcvPlayerName.obj
         .\Debug/GMsg_RcvReportGoals.obj
         .\Debug/GMsg_RcvReportHdr.obj
         .\Debug/GMsg_RcvReportText.obj
         .\Debug/GMsg_SenseDreamersAck.obj
         .\Debug/GMsg_ServerDown.obj
         .\Debug/GMsg_SetAvatarDescription.obj
         .\Debug/GMsg_ShowItem.obj
         .\Debug/GMsg_SummonAvatar.obj
         .\Debug/GMsg_SummonAvatarAck.obj
         .\Debug/GMsg_TakeItem.obj
         .\Debug/GMsg_TakeItemAck.obj
         .\Debug/GMsg_UpdateItem.obj
         .\Debug/GMsg_UpdateStats.obj
         .\Debug/GMsg_UsePPoint.obj
         .\Debug/GMsg_ViewItem.obj
         .\Debug/LmArts.obj
         .\Debug/LmAvatar.obj
         .\Debug/LmBit32.obj
         .\Debug/LmItem.obj
         .\Debug/LmItemDefs.obj
         .\Debug/LmItemHdr.obj
         .\Debug/LmMesg.obj
         .\Debug/LmMesgBuf.obj
         .\Debug/LmMesgHdr.obj
         .\Debug/lmparty.obj
         .\Debug/LmPeerUpdate.obj
         .\Debug/LmPosition.obj
         .\Debug/LmStats.obj
         .\Debug/LmXPTable.obj
         .\Debug/LNMD5.obj
         .\Debug/LyraMessage.obj
         .\Debug/md5.obj
         .\Debug/RenderView.obj
         .\Debug/RmRemotePlayer.obj
         .\Debug/RMsg_ChangeAvatar.obj
         .\Debug/RMsg_CupSummons.obj
         .\Debug/RMsg_EnterRoom.obj
         .\Debug/RMsg_Error.obj
         .\Debug/RMsg_GetAvatarDescription.obj
         .\Debug/RMsg_GotoRoom.obj
         .\Debug/RMsg_ItemDrop.obj
         .\Debug/RMsg_ItemHdrDrop.obj
         .\Debug/RMsg_ItemPickup.obj
         .\Debug/RMsg_JoinedParty.obj
         .\Debug/RMsg_LeaveRoom.obj
         .\Debug/RMsg_LoginAck.obj
         .\Debug/RMsg_Logout.obj
         .\Debug/RMsg_NewlyAwakened.obj
         .\Debug/RMsg_Party.obj
         .\Debug/RMsg_PartyInfo.obj
         .\Debug/RMsg_Ping.obj
         .\Debug/RMsg_PlayerMsg.obj
         .\Debug/RMsg_PlayerUpdate.obj
         .\Debug/RMsg_RcvAvatarDescription.obj
         .\Debug/RMsg_RoomLoginAck.obj
         .\Debug/RMsg_Speech.obj
         .\Debug/RMsg_Update.obj
         MessageMaker.vcxproj -> C:\Users\Michael Acobas\ULClient_2014K18\ULClient\messagemaker\.\Debug\MessageMaker.lib
       BscMake:
         All outputs are up-to-date.
       FinalizeBuildStatus:
         Deleting file ".\Debug\MessageMaker.unsuccessfulbuild".
         Touching ".\Debug\MessageMaker.lastbuildstate".
     1>Done Building Project "C:\Users\Michael Acobas\ULClient_2014K18\ULClient\messagemaker\MessageMaker.vcxproj" (build target(s)).

Build succeeded.

Time Elapsed 00:00:07.93
